cell_id	prob_z0	prob_z1	prediction
c1	0.9635845509978627	0.0364154490021375	singlet
c10	0.9635845490042673	0.03641545099571998	singlet
c100	0.9407114596370487	0.05928854036295146	singlet
c1000	0.9635845509978627	0.0364154490021375	singlet
c1001	0.9715203791881923	0.02847962081181157	singlet
c1002	0.9635845509839651	0.0364154490160405	singlet
c1003	0.9407114596370493	0.05928854036295051	singlet
c1004	0.9635845509978628	0.03641544900213747	singlet
c1005	0.963584550997863	0.03641544900213749	singlet
c1006	5.103869374367912e-20	1.0	doublet
c1007	0.9715203791882062	0.02847962081179763	singlet
c1008	0.9715203788697464	0.02847962113025036	singlet
c1009	0.9422775433725277	0.05772245662749087	singlet
c101	0.963584550997863	0.03641544900213749	singlet
c1010	0.9635845508493396	0.03641544915064794	singlet
c1011	0.9715203791881923	0.02847962081181157	singlet
c1012	0.9715203791882062	0.02847962081179763	singlet
c1013	0.963584550997863	0.03641544900213749	singlet
c1014	0.9635845493646542	0.03641545063534865	singlet
c1015	0.9407114596370487	0.05928854036295146	singlet
c1016	0.9715203791882061	0.02847962081179758	singlet
c1017	0.9715203791882127	0.028479620811790802	singlet
c1018	0.9635845509718336	0.036415449028165625	singlet
c1019	0.971520379188223	0.02847962081178104	singlet
c102	0.963584550997863	0.03641544900213749	singlet
c1020	0.9715203791881923	0.02847962081181157	singlet
c1021	0.963584550839874	0.036415449160125464	singlet
c1022	0.963584550997863	0.03641544900213749	singlet
c1023	5.103869374367912e-20	1.0	doublet
c1024	0.9635845509978597	0.03641544900214033	singlet
c1025	0.9635845509978627	0.0364154490021375	singlet
c1026	0.963584550997863	0.03641544900213749	singlet
c1027	0.9407114596370498	0.05928854036295083	singlet
c1028	0.9635845509978628	0.03641544900213747	singlet
c1029	0.963584550997863	0.03641544900213749	singlet
c103	0.9715203791881923	0.02847962081181157	singlet
c1030	0.9635845509978627	0.0364154490021375	singlet
c1031	0.9715203791881923	0.02847962081181157	singlet
c1032	0.971520379188213	0.028479620811790625	singlet
c1033	0.942277543372527	0.057722456627491744	singlet
c1034	0.9635845509960947	0.03641544900390441	singlet
c1035	0.9635845509978629	0.03641544900213749	singlet
c1036	0.9715203791882062	0.02847962081179763	singlet
c1037	0.963584550997863	0.03641544900213749	singlet
c1038	0.9635845509978629	0.036415449002137425	singlet
c1039	0.9635845509978627	0.0364154490021375	singlet
c104	0.940711459637049	0.05928854036295146	singlet
c1040	0.963584550997863	0.03641544900213749	singlet
c1041	0.9715203791881923	0.02847962081181157	singlet
c1042	0.963584550997863	0.03641544900213749	singlet
c1043	0.963584550839874	0.036415449160125464	singlet
c1044	0.9422775433725327	0.05772245662748651	singlet
c1045	0.963584550997863	0.03641544900213749	singlet
c1046	0.9635845509681472	0.036415449031841775	singlet
c1047	0.9635845509978628	0.03641544900213747	singlet
c1048	0.963584550997863	0.03641544900213749	singlet
c1049	0.9635845509978628	0.03641544900213747	singlet
c105	0.9715203791882219	0.02847962081178104	singlet
c1050	0.9715203791881923	0.02847962081181157	singlet
c1051	0.9635845509978629	0.03641544900213744	singlet
c1052	0.9715203791881923	0.02847962081181157	singlet
c1053	0.963584550997863	0.03641544900213749	singlet
c1054	0.971520379188223	0.02847962081178104	singlet
c1055	0.963584550982479	0.03641544901752616	singlet
c1056	0.9422775033077954	0.05772249669220485	singlet
c1057	0.963584550997863	0.03641544900213749	singlet
c1058	0.9635845509978627	0.0364154490021375	singlet
c1059	0.963584550997863	0.03641544900213749	singlet
c106	0.9715203791882221	0.02847962081178095	singlet
c1060	0.963584550997863	0.03641544900213749	singlet
c1061	0.9635845509978627	0.0364154490021375	singlet
c1062	0.963584550997863	0.03641544900213749	singlet
c1063	0.9715203791882292	0.02847962081177393	singlet
c1064	0.9715203791881923	0.02847962081181157	singlet
c1065	0.9635845509978629	0.03641544900213744	singlet
c1066	0.9669075663976769	0.03309243360233048	singlet
c1067	0.9715203791881923	0.02847962081181157	singlet
c1068	0.9368117294444719	0.06318827055552319	singlet
c1069	0.963584550997863	0.03641544900213749	singlet
c107	0.971520379188223	0.02847962081178104	singlet
c1070	0.963584550997863	0.03641544900213749	singlet
c1071	0.940711458841627	0.05928854115837671	singlet
c1072	0.9715203786172583	0.028479621382749655	singlet
c1073	0.963584550997863	0.03641544900213749	singlet
c1074	0.9715203791881923	0.02847962081181157	singlet
c1075	0.9715203791882062	0.02847962081179763	singlet
c1076	0.3670041773042946	0.6329958226956994	doublet
c1077	0.9715203791882061	0.02847962081179748	singlet
c1078	0.9407114596370494	0.059288540362950615	singlet
c1079	0.9715203791882359	0.028479620811767845	singlet
c108	0.9635845509736856	0.036415449026321205	singlet
c1080	0.9715203791882057	0.02847962081179758	singlet
c1081	0.9635845509978629	0.03641544900213755	singlet
c1082	0.9715203791882061	0.02847962081179758	singlet
c1083	0.940711459637049	0.059288540362951406	singlet
c1084	0.9715203791882145	0.02847962081178846	singlet
c1085	0.9635845509978629	0.03641544900213745	singlet
c1086	0.9635845509978627	0.0364154490021375	singlet
c1087	0.9715203791882225	0.028479620811780987	singlet
c1088	0.9669075663976955	0.033092433602311844	singlet
c1089	0.9635845509978629	0.03641544900213749	singlet
c109	0.942277543372527	0.057722456627491744	singlet
c1090	0.9715203791882234	0.028479620811781087	singlet
c1091	0.963584550997863	0.03641544900213749	singlet
c1092	0.9715203791882061	0.02847962081179763	singlet
c1093	0.9407114596370485	0.05928854036295114	singlet
c1094	0.9715203791882062	0.02847962081179763	singlet
c1095	0.940711459637049	0.05928854036295146	singlet
c1096	0.9635845509978629	0.03641544900213755	singlet
c1097	0.9715203791881923	0.02847962081181157	singlet
c1098	0.963584550997863	0.03641544900213749	singlet
c1099	0.9669075663979944	0.033092433602015046	singlet
c11	0.9715203791882058	0.028479620811797682	singlet
c110	0.36699823480561833	0.63300176519438	doublet
c1100	0.9422775433725262	0.05772245662749238	singlet
c1101	0.9715203791882084	0.028479620811795378	singlet
c1102	0.971520379188223	0.02847962081178104	singlet
c1103	0.963584550997863	0.03641544900213749	singlet
c1104	0.963584550997863	0.03641544900213749	singlet
c1105	0.9715203791881923	0.02847962081181157	singlet
c1106	0.9635845509960942	0.03641544900390441	singlet
c1107	0.9715203791881923	0.02847962081181157	singlet
c1108	0.963584550997863	0.03641544900213749	singlet
c1109	0.9422775433725262	0.05772245662749238	singlet
c111	0.9635845509978629	0.03641544900213757	singlet
c1110	0.9635845509978627	0.0364154490021375	singlet
c1111	0.9715203791881923	0.02847962081181157	singlet
c1112	0.963584550839874	0.036415449160125464	singlet
c1113	0.963584550997863	0.03641544900213749	singlet
c1115	0.9715203791881917	0.028479620811811532	singlet
c1116	1.526612786065549e-22	1.0	doublet
c1117	0.963584550997863	0.03641544900213749	singlet
c1118	0.9635845509978629	0.03641544900213755	singlet
c1119	0.9368117294444723	0.06318827055552406	singlet
c112	0.9635845508398747	0.0364154491601254	singlet
c1120	0.9715203791881923	0.02847962081181157	singlet
c1121	0.9715203791882129	0.028479620811790802	singlet
c1122	0.9715203791881923	0.02847962081181157	singlet
c1123	0.963584550997863	0.03641544900213749	singlet
c1124	0.9635845509824793	0.03641544901752616	singlet
c1127	0.963584550997863	0.03641544900213749	singlet
c1128	0.9407114596370489	0.05928854036295099	singlet
c1129	0.9715203791882062	0.02847962081179763	singlet
c113	0.9715203791881923	0.02847962081181157	singlet
c1130	0.9715203785529652	0.02847962144702831	singlet
c1131	0.9715203791882058	0.028479620811797682	singlet
c1132	0.963584550997863	0.03641544900213749	singlet
c1133	0.9715203791882226	0.028479620811780935	singlet
c1134	0.963584550997863	0.03641544900213749	singlet
c1135	0.9368117294444711	0.06318827055552409	singlet
c1136	0.971520379188213	0.028479620811790816	singlet
c1137	0.9635845509978629	0.036415449002137425	singlet
c1138	0.9635845509960947	0.03641544900390441	singlet
c1139	0.9715203791882062	0.02847962081179763	singlet
c114	0.9407114596370494	0.059288540362950615	singlet
c1140	0.9715203788697546	0.028479621130243556	singlet
c1141	0.971520378878139	0.02847962112185865	singlet
c1142	4.0206033691144037e-19	1.0	doublet
c1143	0.963584550839874	0.036415449160125464	singlet
c1144	0.963584550997863	0.03641544900213749	singlet
c1145	0.971520379188223	0.02847962081178104	singlet
c1146	0.9715203791882062	0.02847962081179763	singlet
c1147	0.9715203791881923	0.02847962081181157	singlet
c1148	0.963584550997863	0.03641544900213749	singlet
c1149	0.963584550997863	0.03641544900213749	singlet
c115	0.963584550997863	0.03641544900213749	singlet
c1150	0.963584550997863	0.03641544900213749	singlet
c1151	0.9715203764170632	0.028479623582945056	singlet
c1152	0.9715203791882062	0.02847962081179763	singlet
c1153	0.9635845509978629	0.03641544900213749	singlet
c1154	5.935172320131913e-13	0.9999999999994071	doublet
c1155	0.9715203791882129	0.028479620811790778	singlet
c1156	0.9407114596370489	0.05928854036295099	singlet
c1157	0.9715203791881923	0.02847962081181157	singlet
c1158	0.963584550997863	0.03641544900213749	singlet
c1159	0.9635845509978629	0.036415449002137425	singlet
c116	0.963584550997863	0.03641544900213749	singlet
c1160	0.9635845509978627	0.0364154490021375	singlet
c1161	0.9715203791882783	0.028479620811725198	singlet
c1162	0.9635845509978629	0.03641544900213757	singlet
c1163	0.963584550997863	0.03641544900213749	singlet
c1164	0.5759156151894701	0.4240843848105285	singlet
c1165	0.9407114596370489	0.05928854036295099	singlet
c1166	0.963584550997863	0.03641544900213749	singlet
c1167	0.9715203791882062	0.02847962081179763	singlet
c1168	0.9635845509978629	0.03641544900213749	singlet
c1169	0.9635845509978628	0.03641544900213747	singlet
c117	0.9715203791882234	0.028479620811781087	singlet
c1170	1.526612786065549e-22	1.0	doublet
c1171	0.9715203791882062	0.02847962081179763	singlet
c1172	0.9715203791881923	0.02847962081181157	singlet
c1173	0.9635845509978629	0.03641544900213757	singlet
c1174	0.963584550997863	0.03641544900213749	singlet
c1175	0.963584550997863	0.03641544900213749	singlet
c1176	0.9715203791882058	0.028479620811797605	singlet
c1177	0.963584550997863	0.03641544900213749	singlet
c1178	0.971520379188223	0.02847962081178104	singlet
c1179	0.963584550997863	0.03641544900213749	singlet
c118	0.963584550997863	0.03641544900213749	singlet
c1180	0.9715203791881923	0.02847962081181157	singlet
c1182	0.9715203791881923	0.02847962081181157	singlet
c1183	0.9715203791882234	0.028479620811781087	singlet
c1184	0.9715203791882081	0.028479620811795354	singlet
c1185	0.9715203791881923	0.02847962081181157	singlet
c1186	0.940711459637049	0.05928854036295146	singlet
c1187	0.9635845509824794	0.03641544901752616	singlet
c1188	0.9635845509978629	0.036415449002137425	singlet
c1189	0.9635845493646535	0.03641545063534873	singlet
c119	0.963584550997863	0.03641544900213749	singlet
c1190	0.9635845484392929	0.036415451560709355	singlet
c1191	0.9635845509960947	0.03641544900390441	singlet
c1192	0.9715203788781389	0.02847962112185875	singlet
c1193	0.963584550997863	0.03641544900213749	singlet
c1194	0.9635845509978628	0.03641544900213747	singlet
c1195	0.9715203774661919	0.02847962253380406	singlet
c1196	0.9635845507965762	0.03641544920342651	singlet
c1197	0.9715203791882058	0.028479620811797605	singlet
c1198	0.963584550997863	0.03641544900213749	singlet
c1199	0.942277543372527	0.057722456627491744	singlet
c12	0.9669075663976799	0.033092433602328865	singlet
c120	0.9635845509978629	0.03641544900213749	singlet
c1200	0.9715203764699164	0.028479623530091182	singlet
c1201	0.9635845509978629	0.03641544900213749	singlet
c1202	0.940711459637049	0.059288540362951406	singlet
c1203	0.971520379188223	0.02847962081178104	singlet
c1204	0.963584550997863	0.03641544900213749	singlet
c1205	0.9715203791882061	0.02847962081179758	singlet
c1206	0.963584550997863	0.03641544900213749	singlet
c1207	0.940711459637049	0.05928854036295146	singlet
c1208	0.9715203791882234	0.028479620811781087	singlet
c1209	0.3670041773043008	0.6329958226956941	doublet
c121	0.963584550997863	0.03641544900213749	singlet
c1211	0.971520379188223	0.02847962081178104	singlet
c1212	0.963584550997863	0.03641544900213749	singlet
c1213	0.9715203791882225	0.028479620811780862	singlet
c1214	0.9635845509978627	0.0364154490021375	singlet
c1215	0.9635845509978628	0.03641544900213747	singlet
c1216	0.9715203791882062	0.02847962081179763	singlet
c1217	0.9635845509978628	0.03641544900213747	singlet
c1218	0.971520379188223	0.02847962081178104	singlet
c1219	0.9635845509978629	0.03641544900213755	singlet
c122	0.963584550997863	0.03641544900213749	singlet
c1220	0.9715203791882234	0.028479620811781087	singlet
c1221	0.9715203791882127	0.028479620811790778	singlet
c1222	0.9715203790057457	0.028479620994256678	singlet
c1223	0.5759156118094576	0.42408438819054056	singlet
c1224	0.971520379188223	0.02847962081178104	singlet
c1225	0.9715203791881923	0.02847962081181157	singlet
c1226	0.9715203791882062	0.02847962081179763	singlet
c1227	0.9715203788782093	0.028479621121788277	singlet
c1228	0.963584550997863	0.03641544900213749	singlet
c1229	0.971520379188223	0.02847962081178104	singlet
c123	0.963584550997863	0.03641544900213749	singlet
c1230	0.9669075663976623	0.03309243360234626	singlet
c1231	0.9715203791882062	0.02847962081179763	singlet
c1232	0.963584550997863	0.03641544900213749	singlet
c1233	0.971520379188223	0.02847962081178104	singlet
c1234	0.9715203786920565	0.028479621307940257	singlet
c1235	0.9715203791882062	0.02847962081179763	singlet
c1236	0.942277543372527	0.057722456627491744	singlet
c1237	0.963584550997863	0.03641544900213749	singlet
c1239	0.9715203791882062	0.02847962081179763	singlet
c124	0.9715203791882062	0.02847962081179763	singlet
c1240	0.9715203791882129	0.028479620811790802	singlet
c1241	1.4682750451822777e-08	0.9999999853172504	doublet
c1242	0.9635845509978629	0.03641544900213749	singlet
c1243	0.9635845507892874	0.03641544921071616	singlet
c1244	0.9635845509978629	0.03641544900213749	singlet
c1245	0.9635845509824802	0.03641544901752613	singlet
c1246	0.9715203791955627	0.028479620804440952	singlet
c1247	0.971520379188223	0.02847962081178104	singlet
c1248	0.9715203791882062	0.02847962081179763	singlet
c1249	0.963584550997863	0.03641544900213749	singlet
c125	0.963584550997863	0.03641544900213749	singlet
c1250	0.963584550997863	0.03641544900213749	singlet
c1251	0.9635845509824802	0.036415449017526254	singlet
c1252	0.9635845509974341	0.03641544900255643	singlet
c1253	0.9635845509978629	0.03641544900213749	singlet
c1254	0.9715203782451399	0.02847962175486732	singlet
c1255	0.9635845509824794	0.03641544901752616	singlet
c1256	0.963584550997863	0.03641544900213749	singlet
c1257	0.963584550997863	0.03641544900213749	singlet
c1258	0.9635845509824794	0.03641544901752616	singlet
c1259	0.963584550997863	0.03641544900213749	singlet
c126	0.9407114596370493	0.05928854036295112	singlet
c1260	0.940711459637049	0.05928854036295146	singlet
c1261	0.9715203791882129	0.028479620811790816	singlet
c1262	0.9635845509978627	0.0364154490021375	singlet
c1263	0.9715203791882234	0.028479620811781	singlet
c1264	0.9635845509978629	0.03641544900213749	singlet
c1265	0.9715203791882059	0.028479620811797682	singlet
c1266	0.9575168325964017	0.0424831674036186	singlet
c1267	0.9635845509824794	0.03641544901752616	singlet
c1268	0.9635845509960953	0.03641544900390441	singlet
c1269	0.9715203791882062	0.02847962081179763	singlet
c127	0.9715203791881923	0.02847962081181157	singlet
c1270	0.963584550997863	0.03641544900213749	singlet
c1271	0.9635845509978629	0.03641544900213757	singlet
c1272	0.963584550997863	0.03641544900213749	singlet
c1274	0.963584550997863	0.03641544900213749	singlet
c1275	0.963584550997863	0.03641544900213749	singlet
c1276	0.3670041773042967	0.6329958226956975	doublet
c1277	0.9407114596370493	0.05928854036295112	singlet
c1278	0.9715203791881923	0.02847962081181157	singlet
c1279	0.9715203791881923	0.02847962081181157	singlet
c1280	0.963584550997863	0.03641544900213749	singlet
c1281	0.963584550997863	0.03641544900213749	singlet
c1282	0.9422775433725278	0.057722456627491155	singlet
c1283	0.963584550997863	0.03641544900213749	singlet
c1284	0.963584550997863	0.03641544900213749	singlet
c1285	0.963584550997863	0.03641544900213749	singlet
c1286	0.9715203791882058	0.028479620811797605	singlet
c1287	3.50815604075102e-16	0.9999999999999991	doublet
c1288	0.9635845509528037	0.03641544904719736	singlet
c1289	0.963584550997863	0.03641544900213749	singlet
c129	0.971520379188223	0.02847962081178104	singlet
c1290	0.971520379188223	0.02847962081178104	singlet
c1291	0.963584550997863	0.03641544900213749	singlet
c1292	0.9715203791882061	0.028479620811797682	singlet
c1293	0.9715203791881923	0.02847962081181157	singlet
c1294	0.9635845509978629	0.03641544900213749	singlet
c1295	0.9635845507582246	0.03641544924178402	singlet
c1296	0.971520379188223	0.02847962081178104	singlet
c1297	0.9715203791882234	0.0284796208117811	singlet
c1298	0.9407114596370489	0.05928854036295099	singlet
c1299	0.9669075663976625	0.03309243360234635	singlet
c13	0.9715203791882062	0.02847962081179763	singlet
c130	0.9715203791881923	0.02847962081181157	singlet
c1300	0.9715203791882059	0.02847962081179753	singlet
c1301	0.9635845509978627	0.0364154490021375	singlet
c1302	0.9715203791882062	0.02847962081179763	singlet
c1303	0.9715203791882052	0.02847962081179763	singlet
c1304	0.9635845509978629	0.03641544900213749	singlet
c1305	0.9635845509978629	0.03641544900213745	singlet
c1306	0.9422775433725278	0.057722456627491155	singlet
c1307	3.508168165248482e-16	1.0	doublet
c1308	0.963584550997863	0.03641544900213749	singlet
c1309	0.963584550997863	0.03641544900213749	singlet
c131	0.5759156118096531	0.42408438819034416	singlet
c1310	0.9715203791883341	0.028479620811670513	singlet
c1311	0.9715203791882219	0.02847962081178095	singlet
c1312	0.963584550997863	0.03641544900213749	singlet
c1313	0.971520379188223	0.02847962081178104	singlet
c1314	0.963584550997863	0.03641544900213749	singlet
c1315	0.9715203791881923	0.02847962081181157	singlet
c1316	0.9407114596370494	0.059288540362950615	singlet
c1317	0.9635845509978628	0.03641544900213747	singlet
c1318	0.971520379188223	0.02847962081178104	singlet
c1319	0.9635845509978629	0.036415449002137425	singlet
c132	0.963584550997863	0.03641544900213749	singlet
c1320	0.963584550997863	0.03641544900213749	singlet
c1321	0.9635845509978629	0.036415449002137425	singlet
c1323	0.963584550997863	0.03641544900213749	singlet
c1324	0.940711459637049	0.05928854036295146	singlet
c1325	0.9715203791882129	0.028479620811790802	singlet
c1326	0.9715203791881923	0.02847962081181157	singlet
c1327	0.9715203791881923	0.02847962081181157	singlet
c1328	0.9635845509978629	0.03641544900213749	singlet
c1329	0.9715203791882218	0.02847962081178104	singlet
c133	0.3670041773042946	0.6329958226956994	doublet
c1330	0.9407114596370489	0.05928854036295099	singlet
c1331	0.9407114593724664	0.05928854062753548	singlet
c1332	0.9422775433725262	0.05772245662749238	singlet
c1333	0.963584550997863	0.03641544900213749	singlet
c1334	0.963584550997863	0.03641544900213749	singlet
c1335	0.9715203791882129	0.028479620811790802	singlet
c1336	0.9635845509978627	0.0364154490021375	singlet
c1337	0.9715203764699881	0.028479623530020155	singlet
c1338	0.963584550997863	0.03641544900213749	singlet
c1339	0.963584550997863	0.03641544900213749	singlet
c134	0.9715203791882234	0.028479620811781087	singlet
c1340	0.963584550997863	0.03641544900213749	singlet
c1341	0.9715203791881925	0.028479620811811594	singlet
c1342	0.963581098785902	0.03641890121410876	singlet
c1343	0.963584550997863	0.03641544900213749	singlet
c1344	0.9635842377232469	0.03641576227676055	singlet
c1346	0.963584550997863	0.03641544900213749	singlet
c1347	0.9635845509824699	0.03641544901753633	singlet
c1348	0.963584550997863	0.03641544900213749	singlet
c1349	0.9635845509978629	0.03641544900213757	singlet
c135	0.9715203791884021	0.028479620811601682	singlet
c1350	0.9635845509978627	0.0364154490021375	singlet
c1351	0.9422775433725278	0.057722456627491	singlet
c1352	0.963584550997863	0.03641544900213749	singlet
c1353	0.963584550997863	0.03641544900213749	singlet
c1354	0.963584550997863	0.03641544900213749	singlet
c1355	0.963584550997863	0.03641544900213749	singlet
c1356	0.9635845509718336	0.03641544902816549	singlet
c1357	0.940711459637049	0.05928854036295146	singlet
c1358	0.963584550770975	0.03641544922903399	singlet
c1359	0.36700417730431106	0.632995822695683	doublet
c136	0.9635842411225357	0.0364157588774607	singlet
c1360	0.9715203791882228	0.028479620811780987	singlet
c1361	0.9407114596370484	0.05928854036295114	singlet
c1362	0.9715203791881949	0.02847962081180775	singlet
c1363	0.9715203791882064	0.028479620811797467	singlet
c1364	0.966907566397707	0.033092433602301775	singlet
c1365	0.940711459637049	0.05928854036295146	singlet
c1366	0.9635845509978629	0.03641544900213749	singlet
c1367	0.9715203791882067	0.028479620811796568	singlet
c1368	0.9715203791882231	0.02847962081178081	singlet
c1369	0.9715203791882225	0.028479620811780987	singlet
c137	0.9715203788697464	0.02847962113025036	singlet
c1370	0.9635845509978629	0.03641544900213745	singlet
c1371	0.9407114596370493	0.059288540362950726	singlet
c1372	0.9715203791882129	0.028479620811790802	singlet
c1373	0.9635765772433005	0.03642342275671067	singlet
c1374	0.9715203791882062	0.02847962081179763	singlet
c1375	0.9715203791881923	0.02847962081181157	singlet
c1376	0.963584550997863	0.03641544900213749	singlet
c1377	0.963584550997863	0.03641544900213749	singlet
c1378	0.963584550997863	0.03641544900213749	singlet
c1379	0.971520379188223	0.02847962081178104	singlet
c138	0.9715203791882219	0.02847962081178095	singlet
c1380	0.9635845509978629	0.03641544900213755	singlet
c1381	0.971520379188206	0.02847962081179758	singlet
c1382	0.9715203791882234	0.028479620811781087	singlet
c1383	0.942277543372527	0.057722456627491744	singlet
c1384	0.9407114596370494	0.059288540362950615	singlet
c1385	0.9715203791882051	0.02847962081179763	singlet
c1386	0.9635845509978629	0.03641544900213749	singlet
c1387	0.9715203791882058	0.028479620811797682	singlet
c1388	0.9715203791882225	0.028479620811780987	singlet
c1389	0.9715203791882234	0.028479620811781	singlet
c139	0.963584550997863	0.03641544900213749	singlet
c1390	0.9715203791882129	0.028479620811790802	singlet
c1391	0.9715203791881923	0.02847962081181157	singlet
c1392	0.9635845509978629	0.03641544900213749	singlet
c1393	0.9635845509978628	0.03641544900213747	singlet
c1394	0.9715203788697335	0.028479621130264296	singlet
c1395	0.9635845509824725	0.036415449017533845	singlet
c1396	0.9715203791882062	0.02847962081179763	singlet
c1397	3.605323348382844e-09	0.9999999963946777	doublet
c1398	0.963584550997863	0.03641544900213749	singlet
c1399	0.971520379188223	0.02847962081178104	singlet
c14	0.9715203791882018	0.028479620811801096	singlet
c140	0.963584550997863	0.03641544900213749	singlet
c1400	0.9635845509978627	0.0364154490021375	singlet
c1401	0.963153804687769	0.03684619531224354	singlet
c1402	0.963584550997863	0.03641544900213749	singlet
c1403	0.963584550997435	0.03641544900255653	singlet
c1404	0.963584550997863	0.03641544900213749	singlet
c1405	0.9715203788697484	0.02847962113024993	singlet
c1406	0.9715203791882058	0.028479620811797682	singlet
c1407	0.9635845509974341	0.03641544900255643	singlet
c1408	0.9715203791881923	0.02847962081181157	singlet
c1409	0.9715203791881927	0.02847962081181157	singlet
c141	0.963584550997863	0.03641544900213749	singlet
c1410	0.971520379188223	0.02847962081178104	singlet
c1411	0.9715203791881923	0.02847962081181157	singlet
c1412	0.9422775433725281	0.05772245662749126	singlet
c1413	0.9635845495215578	0.036415450478444	singlet
c1414	0.963584550997863	0.03641544900213749	singlet
c1415	0.963584550997863	0.03641544900213749	singlet
c1416	0.9635845509978629	0.03641544900213755	singlet
c1417	0.36700417730430773	0.6329958226956878	doublet
c1418	0.9635845509839728	0.03641544901603277	singlet
c1419	0.9635845509978629	0.03641544900213755	singlet
c142	0.963584550997863	0.03641544900213749	singlet
c1420	0.963584550997863	0.03641544900213749	singlet
c1421	0.9715203791882062	0.02847962081179763	singlet
c1422	0.9635845509978627	0.0364154490021375	singlet
c1423	0.9407114596370494	0.059288540362950615	singlet
c1424	0.9715203783390984	0.028479621660904533	singlet
c1425	1.9482324841099694e-19	0.9999999999999991	doublet
c1426	0.9715203791882129	0.028479620811790802	singlet
c1427	0.9635845509978627	0.0364154490021375	singlet
c1428	0.971520379188223	0.02847962081178104	singlet
c1429	0.9669075663976955	0.033092433602311844	singlet
c1430	0.963584550997863	0.03641544900213749	singlet
c1431	0.9531217645317441	0.046878235468250394	singlet
c1432	0.9407114596370489	0.05928854036295099	singlet
c1433	0.9715203764723944	0.02847962352761326	singlet
c1434	0.9715203791882131	0.02847962081179085	singlet
c1435	0.9715203791881919	0.028479620811811594	singlet
c1436	0.9635845495215578	0.03641545047844407	singlet
c1437	0.963584550997863	0.03641544900213749	singlet
c1438	0.963584550997863	0.03641544900213749	singlet
c1439	0.9635845509978629	0.03641544900213757	singlet
c144	0.9635845509960947	0.03641544900390441	singlet
c1440	0.9715203791882058	0.028479620811797682	singlet
c1441	0.9715203791881923	0.02847962081181157	singlet
c1442	0.9715203791881923	0.02847962081181157	singlet
c1443	3.839461154270388e-09	0.9999999961605384	doublet
c1444	0.9635845509978629	0.03641544900213749	singlet
c1445	0.940711459637049	0.05928854036295146	singlet
c1446	0.9635845509731455	0.03641544902684587	singlet
c1447	0.963584550997863	0.03641544900213749	singlet
c1448	0.9715203791881923	0.02847962081181157	singlet
c1449	0.9715203791882234	0.0284796208117811	singlet
c145	0.9715203790284201	0.028479620971581368	singlet
c1450	0.9407114596370489	0.05928854036295099	singlet
c1451	0.9715203791882127	0.028479620811790778	singlet
c1452	0.9715203791881929	0.02847962081181119	singlet
c1453	0.9635845509978628	0.03641544900213747	singlet
c1454	0.9715203791881926	0.028479620811810963	singlet
c1455	0.963584550997863	0.03641544900213749	singlet
c1456	0.963584550997863	0.03641544900213749	singlet
c1457	0.963584550997863	0.03641544900213749	singlet
c1458	0.963584550997863	0.03641544900213749	singlet
c1459	0.9635845509978628	0.03641544900213747	singlet
c146	0.963584550997863	0.03641544900213749	singlet
c1460	0.963584550997863	0.03641544900213749	singlet
c1461	0.9635845509978629	0.03641544900213749	singlet
c1462	0.963584550997863	0.03641544900213749	singlet
c1463	0.9715203791881923	0.02847962081181157	singlet
c1464	0.940711459637049	0.05928854036295146	singlet
c1465	0.9635845509978618	0.0364154490021375	singlet
c1466	0.9715203791881923	0.02847962081181157	singlet
c1467	0.9407114596370503	0.059288540362950726	singlet
c1468	0.963584550997863	0.03641544900213749	singlet
c1469	0.9715203791882223	0.028479620811780557	singlet
c147	0.963584550997863	0.03641544900213749	singlet
c1470	0.963584550997863	0.03641544900213749	singlet
c1471	0.963584550997863	0.03641544900213749	singlet
c1472	0.963584550997863	0.03641544900213749	singlet
c1473	0.963584550997863	0.03641544900213749	singlet
c1474	0.9635845509978627	0.0364154490021375	singlet
c1475	0.9715203788697466	0.02847962113025036	singlet
c1476	0.9422775433728431	0.0577224566271746	singlet
c1477	0.963584550997863	0.03641544900213749	singlet
c1478	0.9715203791881923	0.02847962081181157	singlet
c1479	0.9635845509978629	0.03641544900213749	singlet
c148	0.963584550997863	0.03641544900213749	singlet
c1480	0.963584550997863	0.03641544900213749	singlet
c1481	0.9407114596370494	0.059288540362950615	singlet
c1482	0.9635845509978629	0.036415449002137425	singlet
c1483	0.9715203791882058	0.028479620811797605	singlet
c1484	0.9635845509978629	0.036415449002137425	singlet
c1485	0.963584550997863	0.03641544900213749	singlet
c1486	0.9669075663976623	0.03309243360234626	singlet
c1487	0.9715203788697471	0.02847962113025036	singlet
c1488	0.942277543372527	0.057722456627491744	singlet
c1489	0.963584550997863	0.03641544900213749	singlet
c149	0.9531217642469177	0.04687823575308318	singlet
c1490	0.940711459637049	0.059288540362951406	singlet
c1491	0.9715203791882293	0.028479620811773916	singlet
c1492	0.9635845509978629	0.03641544900213757	singlet
c1493	0.9635845509960942	0.03641544900390441	singlet
c1494	0.963584550997863	0.03641544900213749	singlet
c1495	0.963584550997863	0.03641544900213749	singlet
c1496	0.9635845509978629	0.03641544900213745	singlet
c1497	0.9635845509978629	0.03641544900213744	singlet
c1498	0.9635845509978627	0.0364154490021375	singlet
c1499	0.963584550997863	0.03641544900213749	singlet
c15	0.963584550997863	0.03641544900213749	singlet
c150	0.9715203791881919	0.028479620811811518	singlet
c1500	0.9715203791882709	0.028479620811733105	singlet
c1501	0.9635845509978629	0.03641544900213744	singlet
c1502	0.9635845509978629	0.03641544900213755	singlet
c1503	0.9407114596370493	0.059288540362950726	singlet
c1504	0.9715203788697465	0.02847962113025036	singlet
c1505	0.9715203791882062	0.02847962081179763	singlet
c1506	0.9635845509824802	0.03641544901752613	singlet
c1507	0.971520378552621	0.02847962144737045	singlet
c1508	0.9715203788697547	0.02847962113024238	singlet
c1509	0.963584550997863	0.03641544900213749	singlet
c151	0.9715203791881923	0.02847962081181157	singlet
c1510	0.9635845509978629	0.03641544900213755	singlet
c1511	0.9715203791882066	0.02847962081179663	singlet
c1512	0.9635844158934399	0.03641558410656994	singlet
c1513	0.9422775433725276	0.057722456627491175	singlet
c1514	0.9635845509978629	0.03641544900213749	singlet
c1515	0.9715203791882224	0.02847962081178105	singlet
c1516	0.9715203791882058	0.028479620811797605	singlet
c1517	0.963584241122536	0.03641575887746075	singlet
c1518	0.9715203791882225	0.028479620811780987	singlet
c1519	0.9635845509960947	0.03641544900390441	singlet
c152	0.9715203791882062	0.02847962081179763	singlet
c1520	0.9715203791881923	0.02847962081181157	singlet
c1521	0.963584550997863	0.03641544900213749	singlet
c1522	0.9715203791882129	0.028479620811790816	singlet
c1523	0.971520379188223	0.02847962081178104	singlet
c1524	0.9715203791882062	0.02847962081179763	singlet
c1525	0.9715203791881923	0.02847962081181157	singlet
c1526	0.9635845509978629	0.03641544900213757	singlet
c1527	0.9715203791882062	0.02847962081179763	singlet
c1528	0.9635845509751799	0.036415449024827753	singlet
c1529	0.9635845509978629	0.03641544900213745	singlet
c153	0.963584550997863	0.03641544900213749	singlet
c1530	0.971520379188223	0.02847962081178104	singlet
c1531	0.963584550997863	0.03641544900213749	singlet
c1532	0.9407114596370489	0.05928854036295099	singlet
c1533	0.963584548486677	0.03641545151331732	singlet
c1534	0.963584550997863	0.03641544900213749	singlet
c1535	0.9635845509978627	0.0364154490021375	singlet
c1536	0.963584550997863	0.03641544900213749	singlet
c1537	0.9422775433725271	0.05772245662749149	singlet
c1538	0.8779175215377925	0.1220824784622055	singlet
c1539	0.9635845509978629	0.03641544900213757	singlet
c154	0.963584550997863	0.03641544900213749	singlet
c1540	0.9635845509978629	0.03641544900213745	singlet
c1541	0.963584550997863	0.03641544900213749	singlet
c1542	0.971520379188223	0.02847962081178104	singlet
c1543	0.9635845509978629	0.03641544900213744	singlet
c1544	0.9715203791881923	0.02847962081181157	singlet
c1545	0.963584550839874	0.036415449160125464	singlet
c1546	0.963584550997863	0.03641544900213749	singlet
c1547	0.9715203791882062	0.02847962081179763	singlet
c1548	0.9715203791881928	0.02847962081181162	singlet
c1549	0.9715203791881923	0.02847962081181157	singlet
c155	0.9715203791881923	0.02847962081181157	singlet
c1550	0.9635845509978628	0.03641544900213747	singlet
c1551	0.9715203788785564	0.028479621121440785	singlet
c1552	0.9635845509824799	0.03641544901752619	singlet
c1553	0.9715203791882062	0.02847962081179763	singlet
c1554	0.9715203764699666	0.028479623530040948	singlet
c1555	0.9635845509978628	0.03641544900213747	singlet
c1556	0.9635845509824792	0.03641544901752613	singlet
c1557	0.9715203791882062	0.02847962081179763	singlet
c1558	0.9635845509786074	0.03641544902139809	singlet
c1559	0.963584550997863	0.03641544900213749	singlet
c156	0.963584550997863	0.03641544900213749	singlet
c1560	0.9407114596370495	0.05928854036295083	singlet
c1561	0.971520379188192	0.028479620811811594	singlet
c1562	0.9715203791881923	0.02847962081181157	singlet
c1563	0.9715203791882234	0.028479620811781087	singlet
c1564	0.9715203785525934	0.028479621447397692	singlet
c1565	0.963584550997863	0.03641544900213749	singlet
c1566	0.971520379188223	0.02847962081178104	singlet
c1567	0.963584550997863	0.03641544900213749	singlet
c1568	0.9635845509978627	0.0364154490021375	singlet
c1569	0.963584550997863	0.03641544900213749	singlet
c157	0.9635845509978629	0.036415449002137425	singlet
c1570	0.971520379188223	0.02847962081178104	singlet
c1571	0.9715203791881923	0.02847962081181157	singlet
c1572	0.971520379188206	0.028479620811797682	singlet
c1573	0.9715203791882062	0.02847962081179763	singlet
c1574	0.9715203791882062	0.02847962081179763	singlet
c1575	0.9715203791881923	0.02847962081181157	singlet
c1576	0.9635845509978627	0.0364154490021375	singlet
c1577	0.9715203791882228	0.028479620811780987	singlet
c1578	0.9669075663977723	0.03309243360223419	singlet
c1579	0.9635845509824792	0.03641544901752613	singlet
c158	0.963584550997864	0.03641544900213763	singlet
c1580	0.963584550997863	0.03641544900213749	singlet
c1581	0.963584550997863	0.03641544900213749	singlet
c1582	0.5759156118094576	0.42408438819054056	singlet
c1583	0.9635845509528037	0.036415449047197346	singlet
c1584	0.9635845509978628	0.03641544900213747	singlet
c1585	0.963584550997863	0.03641544900213749	singlet
c1586	0.9715203791882062	0.02847962081179763	singlet
c1587	0.9715203791881919	0.028479620811811518	singlet
c1588	0.9635845509824695	0.0364154490175364	singlet
c1589	0.9635845509528049	0.03641544904719743	singlet
c159	0.9715203791881918	0.028479620811811227	singlet
c1591	0.9715203791882133	0.028479620811790472	singlet
c1592	0.963584550997863	0.03641544900213749	singlet
c16	0.9715203791882058	0.028479620811797682	singlet
c160	0.9635845509824802	0.036415449017526254	singlet
c161	0.9635845503583613	0.03641544964163785	singlet
c162	0.9635845509978629	0.03641544900213755	singlet
c163	0.9715203791881923	0.02847962081181157	singlet
c164	0.9715203791881923	0.02847962081181157	singlet
c165	0.9715203791882083	0.028479620811794698	singlet
c166	0.9635845509839651	0.0364154490160405	singlet
c167	0.9715203791882062	0.02847962081179763	singlet
c168	0.963584550997863	0.03641544900213749	singlet
c169	0.9715203788697641	0.028479621130233765	singlet
c17	0.9635845509978629	0.03641544900213744	singlet
c170	5.57284889658373e-13	0.9999999999994431	doublet
c171	0.971520379188223	0.02847962081178104	singlet
c172	0.9715203791881923	0.02847962081181157	singlet
c173	0.9635845495215589	0.036415450478444134	singlet
c174	0.9715203791881923	0.02847962081181157	singlet
c175	0.9422775433725278	0.057722456627491155	singlet
c176	0.9635845509978629	0.03641544900213749	singlet
c177	0.963584550839874	0.036415449160125464	singlet
c178	0.9635845509978629	0.03641544900213749	singlet
c179	0.9635845509978629	0.03641544900213749	singlet
c18	0.9715203791881923	0.02847962081181157	singlet
c180	0.963584550997863	0.03641544900213749	singlet
c181	0.9635844158934393	0.03641558410656994	singlet
c182	0.963584550997863	0.03641544900213749	singlet
c183	0.9422775433725297	0.05772245662748923	singlet
c184	0.9635845507322065	0.036415449267803414	singlet
c185	0.971520379188223	0.02847962081178104	singlet
c186	0.963584550997863	0.03641544900213749	singlet
c187	0.963584241122536	0.036415758877460784	singlet
c188	0.9635845509978629	0.03641544900213749	singlet
c189	0.9635845509978628	0.03641544900213747	singlet
c19	0.9715203791882058	0.028479620811797605	singlet
c190	0.9715203791882058	0.028479620811797605	singlet
c191	0.9635845509824802	0.036415449017526254	singlet
c192	0.963584550997863	0.03641544900213749	singlet
c193	0.9422775433725278	0.057722456627491155	singlet
c194	0.9715203791882063	0.02847962081179743	singlet
c195	0.963584550997863	0.03641544900213749	singlet
c196	0.9715203791914974	0.02847962080850808	singlet
c197	0.963584550997863	0.03641544900213749	singlet
c198	0.9715203786920563	0.028479621307940305	singlet
c199	0.9635845508523984	0.03641544914760192	singlet
c2	0.9635845509978629	0.03641544900213745	singlet
c20	0.9635845509824695	0.0364154490175364	singlet
c200	0.9407114596370512	0.059288540362949456	singlet
c201	0.9635845509978629	0.03641544900213749	singlet
c202	0.9635845509978629	0.03641544900213755	singlet
c203	0.9635845509978628	0.03641544900213747	singlet
c204	0.9635845509978628	0.03641544900213747	singlet
c205	0.9531217465829804	0.04687825341702431	singlet
c206	0.9635845509978627	0.0364154490021375	singlet
c207	0.971520379188223	0.02847962081178104	singlet
c208	0.9635845509978629	0.03641544900213749	singlet
c209	0.9715203791882062	0.02847962081179763	singlet
c21	0.9715203791882058	0.028479620811797682	singlet
c210	0.9715203791882234	0.028479620811781	singlet
c211	0.9635845509824802	0.036415449017526254	singlet
c212	0.963584550997863	0.03641544900213749	singlet
c213	0.9715203791881923	0.02847962081181157	singlet
c214	0.971520379188206	0.02847962081179753	singlet
c215	0.963584550997863	0.03641544900213749	singlet
c216	0.9635845509978627	0.0364154490021375	singlet
c217	0.9715203791882242	0.028479620811778433	singlet
c218	0.7325113885235685	0.2674886114764375	singlet
c219	0.9715203791882056	0.02847962081179763	singlet
c22	0.9715203791882062	0.02847962081179763	singlet
c220	0.9715203791882058	0.028479620811797605	singlet
c221	0.9715203791881923	0.02847962081181157	singlet
c222	0.9635845509978627	0.0364154490021375	singlet
c223	0.9635845509786076	0.03641544902139809	singlet
c224	0.971520379188223	0.02847962081178104	singlet
c225	0.9715203791882234	0.028479620811781087	singlet
c226	0.9715203791881923	0.02847962081181157	singlet
c227	0.971520379188223	0.02847962081178104	singlet
c228	0.971520379188206	0.028479620811797682	singlet
c229	0.963584550997863	0.03641544900213749	singlet
c23	0.9635845509978628	0.03641544900213747	singlet
c230	0.9715203791881923	0.02847962081181157	singlet
c231	0.9635845509960953	0.03641544900390441	singlet
c232	0.9422775433725262	0.05772245662749238	singlet
c233	0.9715203791881923	0.02847962081181157	singlet
c234	5.935166140069045e-13	0.9999999999994067	doublet
c235	0.9715203791882062	0.02847962081179763	singlet
c236	0.963584550997863	0.03641544900213749	singlet
c237	0.9715203791881923	0.02847962081181157	singlet
c238	0.9422775433725262	0.05772245662749238	singlet
c239	0.9715203791882054	0.02847962081179763	singlet
c24	0.9575168325963902	0.042483167403630714	singlet
c240	0.9669075663976623	0.03309243360234626	singlet
c241	0.971520379188223	0.02847962081178104	singlet
c242	0.9715203791882062	0.02847962081179763	singlet
c243	0.9715203791882062	0.028479620811797682	singlet
c244	0.9635845509978629	0.03641544900213744	singlet
c245	0.9635845509978628	0.03641544900213747	singlet
c246	0.953121764531729	0.04687823546826455	singlet
c247	0.9715203791881919	0.028479620811811518	singlet
c248	0.940711459637049	0.05928854036295146	singlet
c249	0.9715203791881923	0.02847962081181157	singlet
c25	0.963584550997863	0.03641544900213749	singlet
c250	0.971520379188223	0.02847962081178104	singlet
c251	0.9422775433725281	0.05772245662749126	singlet
c252	0.963584550997863	0.03641544900213749	singlet
c253	0.9715203764723749	0.028479623527632635	singlet
c254	0.9422775433725306	0.05772245662748795	singlet
c255	0.963584550997863	0.03641544900213749	singlet
c256	0.971520379188223	0.02847962081178104	singlet
c257	0.9635845509718336	0.036415449028165625	singlet
c258	0.942277543372527	0.057722456627491744	singlet
c259	0.9715203791881923	0.02847962081181157	singlet
c26	3.293991942279769e-16	0.9999999999999996	doublet
c260	0.9635845509978628	0.03641544900213747	singlet
c261	0.3669864396448281	0.6330135603551703	doublet
c262	0.9715203788697546	0.028479621130243556	singlet
c263	0.9635845509978629	0.03641544900213749	singlet
c264	0.9422775433725298	0.05772245662748813	singlet
c265	0.963584550997863	0.03641544900213749	singlet
c266	0.9090522883272643	0.09094771167275091	singlet
c267	0.9715203791881919	0.028479620811811466	singlet
c268	0.9635845509978628	0.03641544900213747	singlet
c269	0.9715203791882062	0.02847962081179763	singlet
c27	0.9715203791881923	0.02847962081181157	singlet
c270	0.9368117294444709	0.06318827055552491	singlet
c271	0.9715203791882062	0.02847962081179763	singlet
c272	1.526612786065549e-22	1.0	doublet
c273	0.9635845509978627	0.0364154490021375	singlet
c274	0.9715203791882066	0.028479620811796974	singlet
c275	0.963584550997863	0.03641544900213749	singlet
c276	0.9635845509974342	0.03641544900255643	singlet
c277	0.9635845509824802	0.036415449017526254	singlet
c278	0.9422775433725262	0.05772245662749238	singlet
c279	0.9635845495215578	0.03641545047844407	singlet
c28	0.9635845493525588	0.03641545064743781	singlet
c280	0.9635845509978627	0.0364154490021375	singlet
c281	0.9715203791882058	0.028479620811797605	singlet
c282	0.9407114596370495	0.05928854036295088	singlet
c283	0.963584550997863	0.03641544900213749	singlet
c284	0.9635845509978629	0.03641544900213749	singlet
c285	0.963584550997863	0.03641544900213749	singlet
c286	0.9407114596370489	0.05928854036295099	singlet
c287	0.9407114596370489	0.05928854036295099	singlet
c288	0.9635845509978629	0.03641544900213744	singlet
c289	0.9635845509978628	0.03641544900213747	singlet
c29	0.9635845509978627	0.0364154490021375	singlet
c290	0.971520379188223	0.02847962081178104	singlet
c291	0.963584550997863	0.03641544900213749	singlet
c292	0.963584550997863	0.03641544900213749	singlet
c293	0.9669075663976849	0.03309243360232216	singlet
c294	0.9715203791882128	0.02847962081179027	singlet
c295	0.9407114588751884	0.059288541124799185	singlet
c296	0.9715203791882062	0.02847962081179763	singlet
c297	0.963584550997863	0.03641544900213749	singlet
c298	0.963584550997863	0.03641544900213749	singlet
c299	0.9715203791881923	0.02847962081181157	singlet
c3	0.9635845509839656	0.036415449016040546	singlet
c30	0.9407114596370495	0.05928854036295088	singlet
c300	0.9635845457110209	0.036415454288977744	singlet
c301	0.963584550997863	0.03641544900213749	singlet
c302	0.9679916732708882	0.03200832672911932	singlet
c303	0.963584550997863	0.03641544900213749	singlet
c304	0.971520379188223	0.02847962081178104	singlet
c305	0.9407114596370489	0.05928854036295099	singlet
c306	0.9715203791881923	0.02847962081181157	singlet
c307	0.9635845509978627	0.0364154490021375	singlet
c308	0.9715203791882377	0.028479620811766845	singlet
c309	1.0118852761605086e-09	0.9999999989881143	doublet
c31	0.9635845509978629	0.03641544900213744	singlet
c310	0.963584550997863	0.03641544900213749	singlet
c311	0.9715203791882059	0.028479620811797682	singlet
c312	0.9715203791882064	0.02847962081179758	singlet
c313	0.9715203791882228	0.028479620811780987	singlet
c314	0.9635845509978627	0.0364154490021375	singlet
c315	0.9635845509960942	0.03641544900390441	singlet
c316	0.963584550997863	0.03641544900213749	singlet
c317	0.9715203791882062	0.02847962081179763	singlet
c318	0.9715203791882058	0.028479620811797605	singlet
c319	0.940711459637049	0.05928854036295146	singlet
c32	0.9635845508523984	0.036415449147601905	singlet
c320	0.9635845509978627	0.0364154490021375	singlet
c321	0.963584550997863	0.03641544900213749	singlet
c322	0.9489350814988006	0.051064918501197716	singlet
c323	0.9715203791881923	0.02847962081181157	singlet
c324	0.9407114596370489	0.05928854036295099	singlet
c325	0.04872365755469011	0.9512763424453088	doublet
c326	0.9715203791882058	0.028479620811797682	singlet
c327	0.9635845509978627	0.0364154490021375	singlet
c328	1.526612786065549e-22	1.0	doublet
c329	0.9635845509978629	0.03641544900213757	singlet
c33	0.9635845509978629	0.03641544900213749	singlet
c330	0.9715203788697695	0.028479621130228467	singlet
c331	0.9635845492367848	0.036415450763212204	singlet
c332	0.963584550997863	0.03641544900213749	singlet
c333	0.9635845507892874	0.03641544921071616	singlet
c334	0.963584550997863	0.03641544900213749	singlet
c335	0.971520379188206	0.02847962081179763	singlet
c336	0.9715203791881923	0.02847962081181157	singlet
c337	0.9715203791882234	0.028479620811781087	singlet
c338	0.9715203791882062	0.02847962081179763	singlet
c339	0.9635845509978628	0.03641544900213747	singlet
c34	0.9715203791882133	0.028479620811790472	singlet
c340	0.9407114596370487	0.05928854036295146	singlet
c341	0.9635845509786075	0.03641544902139809	singlet
c342	0.9715203791882129	0.028479620811790816	singlet
c343	0.9635845509978627	0.0364154490021375	singlet
c344	0.9715203788697641	0.028479621130233765	singlet
c345	0.971520379188223	0.02847962081178104	singlet
c346	0.9715203791882062	0.02847962081179763	singlet
c347	0.963584550997863	0.03641544900213749	singlet
c348	0.9407114596370484	0.059288540362950934	singlet
c349	0.9635845509978628	0.03641544900213747	singlet
c35	0.971520379188214	0.02847962081179017	singlet
c350	0.963584550997863	0.03641544900213749	singlet
c351	0.963584550839874	0.03641544916012545	singlet
c352	0.963584550997863	0.03641544900213749	singlet
c353	0.9422775433725276	0.05772245662749143	singlet
c354	0.9715203791882062	0.02847962081179763	singlet
c355	0.9715203791882234	0.028479620811780987	singlet
c356	0.9715203791882129	0.028479620811790802	singlet
c357	0.963584550997863	0.03641544900213749	singlet
c358	0.36700417730429574	0.6329958226957003	doublet
c359	0.9635845509978629	0.03641544900213749	singlet
c36	0.9715203791888075	0.028479620811195636	singlet
c360	0.963584550997863	0.03641544900213749	singlet
c361	0.9635845508523995	0.03641544914760198	singlet
c362	0.9715203791881923	0.02847962081181157	singlet
c363	0.9715203791882062	0.02847962081179763	singlet
c364	0.963584550997863	0.03641544900213749	singlet
c365	0.9635845509978628	0.03641544900213747	singlet
c366	0.9635845509978629	0.03641544900213749	singlet
c367	0.963584550997863	0.03641544900213749	singlet
c368	0.971520379188223	0.02847962081178104	singlet
c369	0.9715203791882062	0.02847962081179763	singlet
c37	0.9715203791881923	0.02847962081181157	singlet
c370	0.963584550997863	0.03641544900213749	singlet
c371	0.9635845509824802	0.036415449017526254	singlet
c372	0.9635845509978628	0.03641544900213747	singlet
c373	0.963584550997863	0.03641544900213749	singlet
c374	0.963584550997863	0.03641544900213749	singlet
c375	0.9715203791881923	0.02847962081181157	singlet
c376	0.942277543372527	0.057722456627491744	singlet
c377	0.9635845509978629	0.03641544900213744	singlet
c378	8.614119325641445e-17	1.0000000000000004	doublet
c379	0.9715203764723751	0.028479623527632635	singlet
c38	0.9715203785525468	0.0284796214474445	singlet
c380	0.9635845509978629	0.03641544900213749	singlet
c381	0.963584550839874	0.036415449160125464	singlet
c382	0.9635845509960954	0.036415449003904345	singlet
c383	0.9635845509978629	0.03641544900213755	singlet
c384	0.9635845509978629	0.03641544900213755	singlet
c385	0.9715203788697334	0.028479621130264296	singlet
c386	0.9635845509978629	0.03641544900213749	singlet
c387	0.963584550997863	0.03641544900213749	singlet
c388	0.9715203791881923	0.02847962081181157	singlet
c389	0.9422775433725262	0.05772245662749238	singlet
c39	0.9635845509978629	0.03641544900213755	singlet
c390	0.9635845509978628	0.03641544900213747	singlet
c392	0.963584549326388	0.036415450673613486	singlet
c393	0.9715203791882002	0.02847962081180336	singlet
c394	0.9715203791882062	0.02847962081179763	singlet
c395	0.9715203788697642	0.02847962113023378	singlet
c396	0.9635845509978629	0.03641544900213755	singlet
c397	0.963584550997863	0.03641544900213749	singlet
c398	0.9715203791882248	0.028479620811777344	singlet
c399	0.9635845509824725	0.03641544901753386	singlet
c4	0.9635845495681375	0.03641545043187175	singlet
c40	0.9575168124023063	0.04248318759768565	singlet
c400	0.971520379188192	0.028479620811811317	singlet
c401	0.9715203791886512	0.028479620811353464	singlet
c402	0.5759156118094576	0.42408438819054056	singlet
c403	2.177764852594269e-15	0.9999999999999982	doublet
c404	0.9715203764699812	0.02847962353002706	singlet
c405	0.9715203791882225	0.028479620811780987	singlet
c406	0.9669075663976623	0.03309243360234626	singlet
c407	0.9715203791882057	0.02847962081179729	singlet
c408	0.963584550997863	0.03641544900213749	singlet
c409	0.9635845509978627	0.0364154490021375	singlet
c41	0.963584550997863	0.03641544900213749	singlet
c410	0.963584550997863	0.03641544900213749	singlet
c411	0.971520379188206	0.02847962081179763	singlet
c412	0.963584550997863	0.03641544900213749	singlet
c413	0.9715203791882131	0.028479620811790802	singlet
c414	0.9635845509978627	0.0364154490021375	singlet
c415	0.963584550997863	0.03641544900213749	singlet
c416	0.9715203791881928	0.02847962081181157	singlet
c417	0.9635845509960947	0.03641544900390441	singlet
c418	5.103869374367912e-20	1.0	doublet
c419	0.9715203791882062	0.02847962081179763	singlet
c42	0.942277543372527	0.057722456627491744	singlet
c420	0.9715203791882058	0.028479620811797682	singlet
c421	0.9715203791882219	0.02847962081178104	singlet
c422	1.5950893602975457e-06	0.9999984049106393	doublet
c423	0.9715203791882058	0.028479620811797605	singlet
c424	0.9715203791882235	0.028479620811781	singlet
c425	0.9635845509978628	0.03641544900213747	singlet
c426	0.9715203791882062	0.02847962081179763	singlet
c427	0.971520379188223	0.02847962081178104	singlet
c428	0.971520379188223	0.02847962081178104	singlet
c429	0.9635845509978628	0.03641544900213747	singlet
c43	0.9715203791882058	0.028479620811797605	singlet
c430	0.9407114596370494	0.059288540362950615	singlet
c431	0.9635845509978629	0.03641544900213757	singlet
c432	0.9635845509824792	0.03641544901752613	singlet
c433	0.9635845509978629	0.03641544900213749	singlet
c435	0.963584550997863	0.03641544900213749	singlet
c436	0.963584550997863	0.03641544900213749	singlet
c437	0.9635845509978629	0.03641544900213744	singlet
c438	0.9635845509718329	0.036415449028165625	singlet
c439	0.9635845495215578	0.036415450478444	singlet
c44	0.9635845509978629	0.03641544900213749	singlet
c440	0.9575168325964305	0.04248316740358949	singlet
c441	0.9715203791882059	0.02847962081179753	singlet
c442	0.9715203791881923	0.02847962081181157	singlet
c443	0.9635845509824793	0.03641544901752616	singlet
c444	0.9715203791881923	0.02847962081181157	singlet
c445	1.468195049024363e-08	0.9999999853180511	doublet
c446	0.963584550997863	0.03641544900213749	singlet
c447	0.9715203791882235	0.028479620811781	singlet
c448	0.963584550997863	0.03641544900213749	singlet
c449	0.963584550997863	0.03641544900213749	singlet
c45	0.9715203791881923	0.02847962081181157	singlet
c450	0.9635845509978629	0.03641544900213755	singlet
c451	0.9635845507892874	0.03641544921071616	singlet
c452	0.9715203791881923	0.02847962081181157	singlet
c453	0.9715203791882225	0.028479620811780987	singlet
c454	0.9715203790057465	0.028479620994256754	singlet
c455	0.9715203791881923	0.02847962081181157	singlet
c456	0.963584550997863	0.03641544900213749	singlet
c457	0.9635845509824802	0.036415449017526254	singlet
c458	0.9715203791882062	0.02847962081179763	singlet
c459	0.9635845509978618	0.0364154490021375	singlet
c46	0.9715203791885365	0.028479620811468872	singlet
c460	0.9422775433725262	0.05772245662749238	singlet
c461	0.9635845509978629	0.03641544900213757	singlet
c462	3.7940570525080307e-06	0.9999962059429485	doublet
c463	0.9715203788697484	0.02847962113024993	singlet
c464	0.9635845509978629	0.03641544900213749	singlet
c465	0.963584550997863	0.03641544900213749	singlet
c466	0.9635845509824794	0.03641544901752616	singlet
c467	0.963584550997863	0.03641544900213749	singlet
c468	0.9715203764723619	0.028479623527646575	singlet
c469	0.9635845509978629	0.036415449002137425	singlet
c470	0.9635845509978627	0.0364154490021375	singlet
c471	0.9635845509978629	0.03641544900213757	singlet
c472	0.9715203791882234	0.028479620811781087	singlet
c473	0.971520379189611	0.028479620810391192	singlet
c474	0.9679890350757626	0.03201096492424547	singlet
c475	0.9715203791882062	0.02847962081179763	singlet
c476	0.9715203791882594	0.028479620811744842	singlet
c477	0.9635842411603395	0.03641575883965673	singlet
c478	0.9715203791882057	0.02847962081179753	singlet
c479	0.963584550997863	0.03641544900213749	singlet
c48	0.9635845509978629	0.036415449002137425	singlet
c480	0.9635845493521116	0.03641545064789916	singlet
c481	0.963584550997863	0.03641544900213749	singlet
c482	0.36700417730429574	0.6329958226957003	doublet
c483	0.9635845509978629	0.036415449002137425	singlet
c484	0.9715203791881923	0.02847962081181157	singlet
c485	0.9715203791882058	0.028479620811797605	singlet
c486	0.3670041773042946	0.6329958226956994	doublet
c487	0.9715203791882062	0.02847962081179763	singlet
c488	0.9715203791882062	0.02847962081179763	singlet
c489	0.963584550997863	0.03641544900213749	singlet
c49	0.963584550997863	0.03641544900213749	singlet
c490	0.9635845507892874	0.03641544921071604	singlet
c491	0.9635845509978628	0.03641544900213747	singlet
c492	0.9715203791882062	0.02847962081179763	singlet
c493	0.9715203791882129	0.028479620811790802	singlet
c494	0.963584550997863	0.03641544900213749	singlet
c495	0.963584550997863	0.03641544900213749	singlet
c496	0.9715203788697645	0.02847962113023369	singlet
c497	0.9635845509978629	0.03641544900213757	singlet
c498	0.9635845509978628	0.03641544900213747	singlet
c499	0.9635845509978629	0.03641544900213745	singlet
c5	0.9715203791881923	0.02847962081181157	singlet
c50	0.9635845509978629	0.036415449002137425	singlet
c500	0.963584550997863	0.03641544900213749	singlet
c501	0.9715203791882062	0.02847962081179763	singlet
c502	0.9715203791882129	0.028479620811790802	singlet
c503	0.9531217645317502	0.046878235468243684	singlet
c504	0.9407114596370489	0.05928854036295099	singlet
c505	0.9715203791882062	0.02847962081179763	singlet
c506	0.9715203791881923	0.02847962081181157	singlet
c507	0.9635845509978629	0.03641544900213749	singlet
c508	0.9715203791882058	0.028479620811797605	singlet
c509	0.9635845509978629	0.036415449002137425	singlet
c51	0.9635845509978627	0.0364154490021375	singlet
c510	0.9635845509978629	0.036415449002137425	singlet
c511	0.9635845509978628	0.03641544900213747	singlet
c512	0.963584550997863	0.03641544900213749	singlet
c513	1.3456311919572261e-15	0.9999999999999973	doublet
c514	0.9669075663976623	0.03309243360234626	singlet
c515	0.9635845509960947	0.03641544900390441	singlet
c516	0.9635845509978627	0.0364154490021375	singlet
c517	0.9635845509978629	0.03641544900213749	singlet
c518	0.9635845509978629	0.03641544900213745	singlet
c519	0.9635845509978629	0.03641544900213755	singlet
c52	0.9715203791882129	0.028479620811790802	singlet
c520	0.9635845509824792	0.03641544901752613	singlet
c521	4.0206033691144037e-19	1.0	doublet
c522	0.9715203791881927	0.02847962081181162	singlet
c523	0.9635845509978627	0.0364154490021375	singlet
c524	0.9715203791882234	0.028479620811781087	singlet
c525	0.963584550997863	0.03641544900213749	singlet
c526	0.36700417730429574	0.6329958226957003	doublet
c527	0.3670041773042946	0.6329958226956994	doublet
c528	0.963584550997863	0.03641544900213749	singlet
c529	0.9407114596370489	0.05928854036295099	singlet
c53	0.9407114596370493	0.05928854036295112	singlet
c530	0.9635845509978627	0.0364154490021375	singlet
c531	0.9715203785525668	0.028479621447426225	singlet
c532	0.963584550997863	0.03641544900213749	singlet
c533	0.9635845509978627	0.0364154490021375	singlet
c534	0.9715203791881971	0.02847962081180756	singlet
c535	0.9635845509978628	0.03641544900213747	singlet
c536	0.9715203791881923	0.02847962081181157	singlet
c537	0.9635845509786074	0.03641544902139809	singlet
c538	0.9715203791882062	0.02847962081179763	singlet
c539	0.9715203783390988	0.028479621660903925	singlet
c54	0.9368117294444711	0.063188270555524	singlet
c540	0.9635845509960947	0.03641544900390441	singlet
c541	0.963584550997863	0.03641544900213749	singlet
c542	0.9635845509824802	0.03641544901752613	singlet
c543	0.9635845509978629	0.03641544900213749	singlet
c544	0.963584550997863	0.03641544900213749	singlet
c545	0.942277543372527	0.057722456627491744	singlet
c546	0.971520379188207	0.02847962081179753	singlet
c547	0.9635845509978629	0.03641544900213755	singlet
c548	0.963584550997863	0.03641544900213749	singlet
c549	0.963584550997863	0.03641544900213749	singlet
c55	0.3670041773042991	0.6329958226956952	doublet
c551	0.9635845509978629	0.03641544900213749	singlet
c552	0.9715203791882058	0.028479620811797682	singlet
c553	0.9715203791881923	0.02847962081181157	singlet
c554	0.9715203791881923	0.02847962081181157	singlet
c555	0.9635845509978629	0.036415449002137425	singlet
c556	0.9715203791881919	0.028479620811811518	singlet
c557	0.963584550997863	0.03641544900213749	singlet
c558	0.963584550997863	0.03641544900213749	singlet
c559	0.963584550852399	0.03641544914760187	singlet
c56	0.963584550997863	0.03641544900213749	singlet
c560	0.9715203788781457	0.02847962112185187	singlet
c561	0.9635845509978628	0.03641544900213747	singlet
c562	0.9715203791881923	0.02847962081181157	singlet
c563	0.971520379188223	0.02847962081178104	singlet
c564	0.9715203791882127	0.028479620811790778	singlet
c565	0.9715203788697326	0.028479621130264247	singlet
c566	0.9715203791881919	0.028479620811811518	singlet
c567	0.963584550997863	0.03641544900213749	singlet
c568	0.9635845509731464	0.03641544902684598	singlet
c569	0.9715203791882131	0.02847962081179085	singlet
c57	0.963584550997863	0.03641544900213749	singlet
c570	0.971520379188206	0.02847962081179753	singlet
c571	0.9635845509978629	0.03641544900213749	singlet
c572	0.963584550997863	0.03641544900213749	singlet
c573	0.9715203791881928	0.02847962081181162	singlet
c574	0.9715203764701161	0.028479623529891945	singlet
c575	0.9715203791884413	0.028479620811563387	singlet
c576	0.9715203791881923	0.02847962081181157	singlet
c577	0.9715203788697642	0.028479621130233765	singlet
c578	0.9715203788781388	0.028479621121858735	singlet
c579	0.9715203790038263	0.028479620996176517	singlet
c58	0.9715203764723924	0.028479623527616044	singlet
c580	0.963584550997863	0.03641544900213749	singlet
c581	0.9635845457110209	0.036415454288977744	singlet
c582	0.963584550997863	0.03641544900213749	singlet
c583	0.9422775433725271	0.05772245662749149	singlet
c584	0.9422775433725262	0.05772245662749238	singlet
c585	0.963584550781234	0.03641544921878077	singlet
c586	0.9715203791882061	0.02847962081179758	singlet
c587	0.9635845307846579	0.036415469215345476	singlet
c589	0.963584550997863	0.03641544900213749	singlet
c59	0.9635845309868192	0.03641546901318271	singlet
c590	0.9715203791882062	0.02847962081179763	singlet
c591	0.9715203791882234	0.028479620811781087	singlet
c592	0.963584550997863	0.03641544900213749	singlet
c593	0.9635845509978628	0.03641544900213747	singlet
c594	0.9715203791882066	0.02847962081179763	singlet
c595	0.9635845509978629	0.03641544900213744	singlet
c596	0.9715203791881923	0.02847962081181157	singlet
c597	0.963584550997863	0.03641544900213749	singlet
c598	0.9669075663976617	0.033092433602346295	singlet
c599	0.963584550997863	0.03641544900213749	singlet
c6	0.9715203791882084	0.028479620811795378	singlet
c60	0.9669075663977394	0.03309243360226833	singlet
c600	0.9407114596370493	0.05928854036295051	singlet
c601	0.963584550997863	0.03641544900213749	singlet
c602	0.9715203791881923	0.02847962081181157	singlet
c603	0.963584550997863	0.03641544900213749	singlet
c604	0.963584550997863	0.03641544900213749	singlet
c605	0.9407114596370484	0.059288540362950934	singlet
c606	0.9635845509978629	0.03641544900213757	singlet
c607	0.9407114596370484	0.05928854036295112	singlet
c608	0.9715203791882062	0.02847962081179763	singlet
c609	0.9368117294444711	0.063188270555524	singlet
c61	0.9422775433725284	0.05772245662748951	singlet
c610	0.9715203791882235	0.02847962081177972	singlet
c611	0.963584550997863	0.03641544900213749	singlet
c612	0.9635845509978629	0.03641544900213749	singlet
c613	0.9635845509786084	0.03641544902139809	singlet
c614	0.9715203791882131	0.028479620811790573	singlet
c615	0.963584550997863	0.03641544900213749	singlet
c616	0.9715203791882225	0.028479620811780987	singlet
c617	0.963584550997863	0.03641544900213749	singlet
c618	0.9715203791882228	0.028479620811780987	singlet
c619	0.9715203774590063	0.028479622540993996	singlet
c62	0.963584550997863	0.03641544900213749	singlet
c620	1.526612786065549e-22	1.0	doublet
c622	0.9635845509978628	0.03641544900213747	singlet
c623	0.963584550997863	0.03641544900213749	singlet
c624	0.9715203791882058	0.028479620811797682	singlet
c625	0.963584550997863	0.03641544900213749	singlet
c626	0.9407114596370494	0.059288540362950615	singlet
c627	0.9407114596370493	0.059288540362950726	singlet
c628	0.963584550997863	0.03641544900213749	singlet
c629	0.9715203791881923	0.02847962081181157	singlet
c63	0.9635845509978629	0.03641544900213749	singlet
c630	0.9635845509978629	0.03641544900213744	singlet
c631	0.9635845509978629	0.03641544900213744	singlet
c632	0.963584550997863	0.03641544900213749	singlet
c633	0.9635845509960947	0.03641544900390441	singlet
c634	0.9635845509978627	0.0364154490021375	singlet
c635	0.9715203788697978	0.028479621130198758	singlet
c636	0.963584550997863	0.03641544900213749	singlet
c637	0.9715203791881923	0.02847962081181157	singlet
c638	0.9635845509978627	0.0364154490021375	singlet
c639	0.9715203791882128	0.028479620811790674	singlet
c64	0.963584550997863	0.03641544900213749	singlet
c640	0.9715203791882054	0.02847962081179763	singlet
c641	0.9635845509978629	0.03641544900213755	singlet
c642	1.1255681517671301e-17	1.0	doublet
c643	0.9715203791881923	0.02847962081181157	singlet
c644	0.963584550997863	0.03641544900213749	singlet
c645	0.963584550997863	0.03641544900213749	singlet
c646	0.9715203791882058	0.028479620811797605	singlet
c647	0.9715203791882056	0.02847962081179763	singlet
c648	0.963584550997863	0.03641544900213749	singlet
c649	0.9635843448958511	0.03641565510414806	singlet
c65	0.9635845457110209	0.03641545428897773	singlet
c650	0.9715203791881923	0.02847962081181157	singlet
c651	0.9715203791881923	0.02847962081181157	singlet
c652	0.9635845509978628	0.03641544900213747	singlet
c653	0.9715203791882225	0.028479620811780987	singlet
c654	0.9635845509978629	0.03641544900213744	singlet
c655	0.9715203791882231	0.02847962081178104	singlet
c656	0.9715203791881923	0.02847962081181157	singlet
c657	0.9715203791882234	0.028479620811781	singlet
c658	0.963584550997863	0.03641544900213749	singlet
c659	0.9635845509978629	0.03641544900213744	singlet
c66	0.971520379188223	0.02847962081178104	singlet
c660	0.9715203791965492	0.02847962080345542	singlet
c661	0.963584550997863	0.03641544900213749	singlet
c662	0.9715203791882131	0.028479620811790802	singlet
c663	0.9635845509978629	0.036415449002137425	singlet
c664	0.963584550997863	0.03641544900213749	singlet
c665	0.9715203788697467	0.02847962113025036	singlet
c666	0.963584550839874	0.036415449160125464	singlet
c667	0.9715203791882057	0.02847962081179753	singlet
c668	0.940711459637049	0.059288540362951406	singlet
c669	0.940711459637049	0.05928854036295146	singlet
c67	0.9715203788781536	0.028479621121842054	singlet
c670	0.963584550997863	0.03641544900213749	singlet
c671	0.9715203791881923	0.02847962081181157	singlet
c672	0.971520379188227	0.02847962081177612	singlet
c673	0.9715203791881923	0.02847962081181157	singlet
c674	0.9635845509978628	0.03641544900213747	singlet
c675	0.9715203791882062	0.02847962081179763	singlet
c676	0.9635845509824802	0.03641544901752613	singlet
c677	0.963584550997863	0.03641544900213749	singlet
c678	6.495524182485147e-06	0.9999935044758161	doublet
c679	0.9715203791882062	0.02847962081179763	singlet
c68	0.963584550997863	0.03641544900213749	singlet
c680	0.9635845509839651	0.0364154490160405	singlet
c681	0.9635845509978629	0.03641544900213744	singlet
c682	0.9635845509978628	0.03641544900213747	singlet
c683	0.9715203791882062	0.02847962081179763	singlet
c684	0.963584550997863	0.03641544900213749	singlet
c685	0.963584550997863	0.03641544900213749	singlet
c686	0.9715203791882062	0.02847962081179763	singlet
c687	0.9635845508398747	0.0364154491601254	singlet
c688	0.963584550997435	0.036415449002556416	singlet
c689	0.9635845509978629	0.036415449002137425	singlet
c69	0.9715203785525593	0.028479621447433965	singlet
c690	0.9635845509960947	0.03641544900390439	singlet
c691	0.963584550997863	0.03641544900213749	singlet
c692	0.9422775022221552	0.05772249777784335	singlet
c693	0.963584550997863	0.03641544900213749	singlet
c694	0.9715203791882069	0.028479620811797467	singlet
c695	0.971520378878139	0.02847962112185875	singlet
c696	0.9715203791882219	0.02847962081178095	singlet
c697	0.963584550997863	0.03641544900213749	singlet
c698	0.9635845509978629	0.03641544900213749	singlet
c699	0.963584550997863	0.03641544900213749	singlet
c7	0.9635845509978627	0.0364154490021375	singlet
c70	0.963584550997863	0.03641544900213749	singlet
c700	0.9635845509978629	0.03641544900213757	singlet
c701	0.9635842871396038	0.03641571286040003	singlet
c702	0.963584550997863	0.03641544900213749	singlet
c703	0.9635845509978628	0.03641544900213747	singlet
c704	0.963584550839874	0.036415449160125464	singlet
c705	0.9635845509978627	0.0364154490021375	singlet
c706	0.963584550997863	0.03641544900213749	singlet
c707	0.5759156118094576	0.42408438819054056	singlet
c708	0.9715203791882058	0.028479620811797682	singlet
c709	0.9715203791882234	0.028479620811781087	singlet
c71	0.9635845509978629	0.03641544900213757	singlet
c710	0.9422775433725262	0.05772245662749238	singlet
c711	0.963584545085575	0.036415454914423745	singlet
c712	0.9635845509978629	0.03641544900213749	singlet
c713	0.9715203791882095	0.02847962081179457	singlet
c714	0.9715203788781388	0.028479621121858735	singlet
c715	0.9575168325964017	0.0424831674036186	singlet
c716	0.963584550997863	0.03641544900213749	singlet
c717	0.963584550997863	0.03641544900213749	singlet
c718	0.9635845509978629	0.03641544900213749	singlet
c719	0.963584550997863	0.03641544900213749	singlet
c72	0.9635845509978627	0.0364154490021375	singlet
c720	0.9715203792113047	0.028479620788700602	singlet
c721	0.9715203791882051	0.02847962081179763	singlet
c722	0.9715203791882108	0.028479620811793532	singlet
c723	0.9715203788785564	0.028479621121440684	singlet
c724	0.9715203791882129	0.02847962081179012	singlet
c725	0.9715203791882234	0.028479620811780987	singlet
c726	0.9407114596370529	0.059288540362946986	singlet
c727	0.9407114596370484	0.05928854036295114	singlet
c728	0.9715203791882058	0.028479620811797605	singlet
c729	0.9635845509978629	0.036415449002137425	singlet
c73	0.963584550997863	0.03641544900213749	singlet
c730	0.9422775433725256	0.05772245662749223	singlet
c731	0.9368117294444711	0.063188270555524	singlet
c732	0.963584550839874	0.036415449160125464	singlet
c733	0.9635845509978628	0.03641544900213749	singlet
c734	0.9635845509978627	0.0364154490021375	singlet
c735	0.963584550997863	0.03641544900213749	singlet
c736	0.963584550997863	0.03641544900213749	singlet
c737	0.963584550997863	0.03641544900213749	singlet
c738	0.9715203791882058	0.028479620811797682	singlet
c739	0.9715203791882225	0.028479620811780987	singlet
c74	0.963584550997863	0.03641544900213749	singlet
c740	0.9635845509978629	0.03641544900213757	singlet
c741	0.9635845509978629	0.03641544900213755	singlet
c742	0.9715203791882058	0.028479620811797605	singlet
c743	0.9715203791882183	0.028479620811785213	singlet
c744	0.9715203788697683	0.028479621130230476	singlet
c745	0.963584550997435	0.03641544900255654	singlet
c746	0.9715203791882058	0.028479620811797605	singlet
c747	0.9635845509978629	0.03641544900213757	singlet
c748	0.9715203791882129	0.028479620811790802	singlet
c749	0.963584550997863	0.03641544900213749	singlet
c75	0.9715203783390901	0.02847962166091183	singlet
c750	0.9715203791881923	0.02847962081181157	singlet
c751	0.9635845509978629	0.036415449002137425	singlet
c752	0.9715203791882129	0.028479620811790816	singlet
c753	0.9635845508598004	0.03641544914020542	singlet
c754	0.9715203791881923	0.02847962081181157	singlet
c755	0.9635845509978629	0.03641544900213749	singlet
c756	0.9715203791882062	0.02847962081179763	singlet
c757	0.9635845495215578	0.036415450478444	singlet
c758	0.9407114596370493	0.059288540362950726	singlet
c759	0.942277543372527	0.057722456627491744	singlet
c76	0.8779175215377858	0.12208247846221353	singlet
c760	0.963584550997863	0.03641544900213749	singlet
c761	0.9635845509960959	0.03641544900390447	singlet
c762	0.963584550997863	0.03641544900213749	singlet
c763	0.9635845509978627	0.0364154490021375	singlet
c764	0.9715203791882248	0.028479620811777344	singlet
c765	0.963584550997863	0.03641544900213749	singlet
c766	2.5827580495138274e-19	1.0000000000000009	doublet
c767	0.971520379188206	0.028479620811797682	singlet
c769	0.9715203791881923	0.02847962081181157	singlet
c77	0.9715203791882129	0.028479620811790802	singlet
c770	0.9715203791881919	0.028479620811811518	singlet
c771	0.9715203791882058	0.028479620811797682	singlet
c772	0.9635845509960954	0.036415449003904345	singlet
c773	0.963584550997863	0.03641544900213749	singlet
c774	0.971520379188206	0.02847962081179763	singlet
c775	0.9715203791882228	0.028479620811780987	singlet
c776	0.9407114596370487	0.05928854036295146	singlet
c777	0.971520379188223	0.028479620811780078	singlet
c778	0.9715203791882234	0.028479620811781087	singlet
c779	0.9669075663976774	0.033092433602330586	singlet
c78	0.963584550997863	0.03641544900213749	singlet
c780	0.9715203791882127	0.02847962081179032	singlet
c781	0.963584550997863	0.03641544900213749	singlet
c782	0.963584550997863	0.03641544900213749	singlet
c783	0.9635845509978628	0.03641544900213747	singlet
c784	0.9715203791882235	0.02847962081178081	singlet
c785	0.9635845509978627	0.0364154490021375	singlet
c786	0.9635845509978629	0.03641544900213745	singlet
c787	0.9715203791882058	0.028479620811797605	singlet
c788	0.963584550997434	0.036415449002556416	singlet
c789	2.0738978052281306e-19	1.0	doublet
c79	0.9635845509978627	0.0364154490021375	singlet
c790	0.963584550997863	0.03641544900213749	singlet
c791	0.9635845509978629	0.03641544900213757	singlet
c792	0.9635845509978629	0.03641544900213755	singlet
c793	0.963584550997863	0.03641544900213749	singlet
c794	0.963584550997863	0.03641544900213749	singlet
c795	0.971520379188223	0.02847962081178104	singlet
c796	0.9715203791881923	0.02847962081181157	singlet
c797	0.9715203791882219	0.02847962081178104	singlet
c798	0.940711459637049	0.05928854036295146	singlet
c799	0.942277543372527	0.057722456627491744	singlet
c8	0.9407114596370494	0.059288540362950615	singlet
c80	0.9715203791882129	0.028479620811790802	singlet
c800	0.9715203785733478	0.028479621426643637	singlet
c801	5.935126307131794e-13	0.9999999999994058	doublet
c802	0.9715203791882232	0.028479620811780886	singlet
c803	0.9715203791882234	0.028479620811781087	singlet
c804	0.963584550997863	0.03641544900213749	singlet
c805	0.963584550997863	0.03641544900213749	singlet
c806	0.9635845507965757	0.03641544920342651	singlet
c807	0.9635831464574138	0.03641685354258001	singlet
c808	0.9715203791881923	0.02847962081181157	singlet
c809	0.9715203791882225	0.028479620811780987	singlet
c81	0.9715203786179621	0.028479621382046467	singlet
c810	0.963584550997863	0.03641544900213749	singlet
c811	0.9715203791881923	0.02847962081181157	singlet
c812	0.9422775433754114	0.057722456624609	singlet
c813	0.9635845509824792	0.03641544901752613	singlet
c814	0.9715203791882234	0.028479620811781	singlet
c815	0.9635845509978629	0.03641544900213749	singlet
c816	0.963584550997863	0.03641544900213749	singlet
c817	0.963584550997863	0.03641544900213749	singlet
c818	0.9635845509960947	0.03641544900390441	singlet
c819	0.963584550997863	0.03641544900213749	singlet
c82	0.9635845508398747	0.0364154491601254	singlet
c820	0.963584550997863	0.03641544900213749	singlet
c821	0.9422775433725279	0.05772245662749082	singlet
c822	0.940711459637049	0.05928854036295146	singlet
c823	0.971520379188223	0.02847962081178104	singlet
c824	0.963584550997863	0.03641544900213749	singlet
c825	0.9635845509528037	0.03641544904719736	singlet
c826	0.9715203791882058	0.028479620811797605	singlet
c827	0.9715203791881923	0.02847962081181157	singlet
c828	0.9635845509978629	0.03641544900213749	singlet
c829	0.9635845509978627	0.0364154490021375	singlet
c83	0.9715203791882225	0.028479620811780987	singlet
c830	0.9635845509978627	0.0364154490021375	singlet
c832	0.9635845509978629	0.03641544900213744	singlet
c833	0.9715203791881923	0.02847962081181157	singlet
c834	0.9669075663976623	0.03309243360234626	singlet
c835	0.963584550997863	0.03641544900213749	singlet
c836	0.9422774335629739	0.05772256643703408	singlet
c837	0.963584550997435	0.036415449002556416	singlet
c838	0.9635845509978629	0.03641544900213749	singlet
c839	0.963584550997863	0.03641544900213749	singlet
c84	0.9635845509839659	0.03641544901604046	singlet
c840	0.9715203791882249	0.028479620811779027	singlet
c841	0.963584550997863	0.03641544900213749	singlet
c842	0.963584550997863	0.03641544900213749	singlet
c843	0.963584550997863	0.03641544900213749	singlet
c844	0.9715203780622744	0.028479621937729373	singlet
c845	0.9715203791882058	0.028479620811797682	singlet
c846	3.2939919422797456e-16	0.9999999999999991	doublet
c847	0.963584550997863	0.03641544900213749	singlet
c848	0.940711459637049	0.05928854036295146	singlet
c849	0.9635845509960954	0.036415449003904345	singlet
c85	0.963584550997863	0.03641544900213749	singlet
c850	0.9715203791882225	0.028479620811780987	singlet
c851	0.9715203791882129	0.028479620811790802	singlet
c852	0.9715203791882062	0.02847962081179763	singlet
c853	0.9422775433725259	0.05772245662749164	singlet
c854	0.963584550997863	0.03641544900213749	singlet
c855	0.9715203791886017	0.02847962081140146	singlet
c856	0.9715203791882131	0.028479620811790802	singlet
c857	0.9635845509978629	0.03641544900213755	singlet
c858	0.971520379188223	0.02847962081178104	singlet
c859	0.0402276532526216	0.9597723467473787	doublet
c86	0.9635845509978629	0.03641544900213745	singlet
c860	0.9635845509978628	0.03641544900213747	singlet
c861	0.9715203791881923	0.02847962081181157	singlet
c862	2.0738978065785606e-19	0.9999999999999996	doublet
c863	0.963584550997863	0.03641544900213749	singlet
c864	0.940711459637049	0.05928854036295146	singlet
c865	0.9715203791882219	0.02847962081178104	singlet
c866	0.9669075663976774	0.033092433602330586	singlet
c867	0.963584550997863	0.03641544900213749	singlet
c868	0.9407114596370494	0.059288540362950615	singlet
c869	0.9635845509978628	0.03641544900213747	singlet
c87	0.9635845509978627	0.0364154490021375	singlet
c870	0.963584550997863	0.03641544900213749	singlet
c871	0.971520379188223	0.02847962081178104	singlet
c872	0.963584550997863	0.03641544900213749	singlet
c873	0.963584550997863	0.03641544900213749	singlet
c874	0.9635845509978629	0.03641544900213749	singlet
c876	0.9635845509978629	0.036415449002137425	singlet
c877	0.9715203791882058	0.028479620811797682	singlet
c878	0.9635845509978629	0.03641544900213757	singlet
c879	0.9715203791882058	0.028479620811797376	singlet
c88	0.9407114591167387	0.05928854088326308	singlet
c880	0.9715203791882234	0.028479620811781087	singlet
c881	0.963584550997863	0.03641544900213749	singlet
c882	0.9635845509978629	0.03641544900213749	singlet
c883	0.9635845509978628	0.03641544900213747	singlet
c884	0.963584550997863	0.03641544900213749	singlet
c885	1.9482324841099694e-19	0.9999999999999991	doublet
c886	0.9635845509978629	0.03641544900213745	singlet
c887	0.9715203791882059	0.02847962081179716	singlet
c888	0.963584550997863	0.03641544900213749	singlet
c889	2.2695804304540234e-12	0.9999999999977294	doublet
c89	0.9635845509839728	0.0364154490160329	singlet
c890	0.9635845509978627	0.0364154490021375	singlet
c891	0.9715203791881923	0.02847962081181157	singlet
c892	0.9531217645317498	0.04687823546824377	singlet
c893	0.963584550997863	0.03641544900213749	singlet
c894	0.963584550997863	0.03641544900213749	singlet
c895	0.9635845509978629	0.03641544900213755	singlet
c896	0.9715203791882453	0.028479620811758095	singlet
c897	0.9635845509978629	0.03641544900213749	singlet
c898	0.963584550997863	0.03641544900213749	singlet
c899	0.963584550997863	0.03641544900213749	singlet
c9	0.9635842267855208	0.036415773214479114	singlet
c90	0.9715203791882062	0.02847962081179763	singlet
c900	0.940711459637049	0.059288540362950906	singlet
c901	0.940711459637049	0.05928854036295146	singlet
c902	0.963584550997863	0.03641544900213749	singlet
c903	0.9715203791882062	0.02847962081179763	singlet
c904	0.9715203791882234	0.028479620811781087	singlet
c905	0.953121764531739	0.046878235468255036	singlet
c906	0.963584550997863	0.03641544900213749	singlet
c907	0.9635845509978629	0.03641544900213749	singlet
c908	0.36700417730429574	0.6329958226957003	doublet
c909	0.9715203791882783	0.028479620811725198	singlet
c91	0.963584550997863	0.03641544900213749	singlet
c910	0.9635845509978629	0.03641544900213745	singlet
c911	0.963584550997863	0.03641544900213749	singlet
c912	0.9715203788697326	0.028479621130264247	singlet
c913	0.9715203791881923	0.02847962081181157	singlet
c914	0.9715203788781244	0.028479621121872634	singlet
c915	0.9635845509654803	0.03641544903451947	singlet
c916	2.2695726676259812e-12	0.9999999999977298	doublet
c917	0.9635845509978629	0.03641544900213745	singlet
c918	0.971520379188223	0.02847962081178104	singlet
c919	0.9635845509978628	0.03641544900213747	singlet
c92	0.971520379189623	0.028479620810382047	singlet
c920	0.9715203791882192	0.028479620811784147	singlet
c921	0.9715203791882129	0.028479620811790802	singlet
c922	0.963584550997863	0.03641544900213749	singlet
c923	0.9715203791881923	0.02847962081181157	singlet
c924	0.9635845509978629	0.03641544900213749	singlet
c925	0.963584550997863	0.03641544900213749	singlet
c926	0.9635845509978628	0.03641544900213747	singlet
c927	0.9715203791881923	0.02847962081181157	singlet
c928	0.9407114596370489	0.05928854036295099	singlet
c929	0.963584550997863	0.03641544900213749	singlet
c93	0.963584550997863	0.03641544900213749	singlet
c930	0.9368117294444711	0.063188270555524	singlet
c931	0.9635845261780159	0.03641547382200114	singlet
c932	0.963584550997863	0.03641544900213749	singlet
c933	0.9715203791882061	0.02847962081179758	singlet
c934	0.940711459637049	0.05928854036295146	singlet
c935	0.9635845509960947	0.03641544900390441	singlet
c936	0.9635845509978629	0.03641544900213749	singlet
c937	0.9422775433725259	0.05772245662749164	singlet
c938	0.963584550997863	0.03641544900213749	singlet
c939	0.9715203791881923	0.02847962081181157	singlet
c94	0.971520379188223	0.02847962081178104	singlet
c940	0.963584550997863	0.03641544900213749	singlet
c941	0.9715203791882234	0.028479620811781087	singlet
c942	0.9715203791882058	0.028479620811797682	singlet
c943	0.9715203791881928	0.02847962081181162	singlet
c944	0.963584550997863	0.03641544900213749	singlet
c945	0.9715203791884514	0.028479620811550827	singlet
c946	0.9635845509839651	0.0364154490160405	singlet
c947	0.963584550997863	0.03641544900213749	singlet
c948	0.963584550997863	0.03641544900213749	singlet
c949	0.963584550997863	0.03641544900213749	singlet
c95	0.963584550997863	0.03641544900213749	singlet
c950	0.963584550997863	0.03641544900213749	singlet
c951	0.971520379188223	0.02847962081178104	singlet
c952	0.9407114596370512	0.059288540362949456	singlet
c953	0.971520379188223	0.02847962081178095	singlet
c954	0.963584550997863	0.03641544900213749	singlet
c955	0.963584550997863	0.03641544900213749	singlet
c956	0.9715203791882058	0.028479620811797682	singlet
c957	0.963584550997863	0.03641544900213749	singlet
c958	0.9715203791881919	0.028479620811811594	singlet
c96	1.5266127857095644e-22	1.0000000000000004	doublet
c960	0.9635845509978628	0.03641544900213747	singlet
c961	0.9635845509978628	0.03641544900213747	singlet
c962	0.963584550997863	0.03641544900213749	singlet
c963	0.963584550997863	0.03641544900213749	singlet
c964	0.963584550997863	0.03641544900213749	singlet
c965	0.963584550997863	0.03641544900213749	singlet
c966	0.963584550997863	0.03641544900213749	singlet
c967	0.963584550997863	0.03641544900213749	singlet
c968	0.9715203791882058	0.028479620811797376	singlet
c969	0.963584550997863	0.03641544900213749	singlet
c97	0.9715203791882243	0.028479620811780217	singlet
c970	0.963584550839874	0.036415449160125464	singlet
c971	0.971520379188206	0.028479620811797682	singlet
c972	0.963584550997863	0.03641544900213749	singlet
c973	0.963584550997863	0.03641544900213749	singlet
c974	0.9715203791882058	0.028479620811797605	singlet
c975	0.940711459637049	0.05928854036295146	singlet
c976	0.963584550997863	0.03641544900213749	singlet
c977	0.9635845509978629	0.03641544900213749	singlet
c978	3.293991942279769e-16	0.9999999999999996	doublet
c979	0.9422775433725262	0.05772245662749238	singlet
c98	5.103869374367912e-20	1.0	doublet
c980	0.9715203791881923	0.02847962081181157	singlet
c981	0.9407114596370489	0.059288540362950934	singlet
c982	0.940711459637049	0.05928854036295146	singlet
c983	0.9635845509978629	0.03641544900213749	singlet
c984	0.9715203791881923	0.02847962081181157	singlet
c985	0.9635845509960947	0.03641544900390441	singlet
c986	0.9715203791882056	0.02847962081179758	singlet
c987	0.9715203791882137	0.028479620811789272	singlet
c988	0.9715203791892133	0.028479620810790713	singlet
c989	0.9635845509978629	0.036415449002137425	singlet
c99	0.9635845509978629	0.03641544900213749	singlet
c990	0.9715203791881928	0.02847962081181162	singlet
c991	0.963584550997863	0.03641544900213749	singlet
c993	0.9635845509960947	0.03641544900390441	singlet
c994	0.9635843472882025	0.036415652711800715	singlet
c995	0.9635845509978629	0.03641544900213745	singlet
c996	8.678686850599907e-12	0.9999999999913203	doublet
c997	0.963584550997863	0.03641544900213749	singlet
c998	0.9635842411225363	0.036415758877460715	singlet
c999	0.9407114596370494	0.059288540362950615	singlet
