cell_id	prob_z0	prob_z1	prediction
c1	0.9665326995597774	0.03346730044023029	singlet
c10	0.9665326979999527	0.033467302000035906	singlet
c100	0.942159349017366	0.05784065098264025	singlet
c1000	0.9665326995597772	0.033467300440230226	singlet
c1001	0.9715247956635682	0.02847520433643781	singlet
c1002	0.9665326995515081	0.03346730044849926	singlet
c1003	0.9421593490173678	0.057840650982638374	singlet
c1004	0.9665326995597774	0.033467300440230226	singlet
c1005	0.9665326995597772	0.033467300440230247	singlet
c1006	1.0025373448090938e-18	0.9999999999999991	doublet
c1007	0.9715247956635747	0.028475204336431106	singlet
c1008	0.971524795657692	0.02847520434230851	singlet
c1009	0.9645029417933441	0.03549705820664614	singlet
c101	0.966532699559778	0.03346730044023026	singlet
c1010	0.9665326994560622	0.03346730054392566	singlet
c1011	0.9715247956635682	0.02847520433643781	singlet
c1012	0.9715247956635747	0.028475204336431106	singlet
c1013	0.9665326995597772	0.033467300440230247	singlet
c1014	0.9665326981706872	0.03346730182930447	singlet
c1015	0.942159349017366	0.05784065098264025	singlet
c1016	0.9715247956637155	0.0284752043362905	singlet
c1017	0.9715247956638319	0.028475204336173694	singlet
c1018	0.9665326995508203	0.03346730044917498	singlet
c1019	0.971524795663572	0.028475204336433864	singlet
c102	0.9665326995597772	0.033467300440230247	singlet
c1020	0.9715247956635682	0.02847520433643781	singlet
c1021	0.9665326994566034	0.03346730054340167	singlet
c1022	0.966532699559778	0.03346730044023026	singlet
c1023	1.0025373448090938e-18	0.9999999999999991	doublet
c1024	0.9665326995597732	0.03346730044023431	singlet
c1025	0.9665326995597774	0.03346730044023029	singlet
c1026	0.966532699559778	0.03346730044023026	singlet
c1027	0.9421593490173686	0.057840650982638527	singlet
c1028	0.9665326995597774	0.033467300440230226	singlet
c1029	0.9665326995597772	0.033467300440230247	singlet
c103	0.9715247956636166	0.028475204336389427	singlet
c1030	0.9665326995597774	0.03346730044023029	singlet
c1031	0.9715247956635682	0.02847520433643781	singlet
c1032	0.9715247956644276	0.0284752043355781	singlet
c1033	0.964502941782561	0.03549705821743032	singlet
c1034	0.9665326995583764	0.033467300441629294	singlet
c1035	0.9665326995597772	0.033467300440230247	singlet
c1036	0.9715247956635747	0.028475204336431106	singlet
c1037	0.966532699559778	0.03346730044023026	singlet
c1038	0.9665326995597772	0.03346730044023021	singlet
c1039	0.9665326995597772	0.033467300440230226	singlet
c104	0.9421593490173668	0.05784065098264035	singlet
c1040	0.966532699559778	0.03346730044023026	singlet
c1041	0.9715247956635692	0.0284752043364371	singlet
c1042	0.9665326995597772	0.033467300440230247	singlet
c1043	0.966532699456605	0.03346730054340173	singlet
c1044	0.9645029422388726	0.035497057761116786	singlet
c1045	0.9665326995597772	0.033467300440230247	singlet
c1046	0.9665326995390544	0.033467300460952566	singlet
c1047	0.9665326995597774	0.033467300440230226	singlet
c1048	0.9665326995597772	0.033467300440230247	singlet
c1049	0.9665326995597774	0.033467300440230226	singlet
c105	0.9715247956636748	0.02847520433633027	singlet
c1050	0.9715247956635682	0.02847520433643781	singlet
c1051	0.9665326995597774	0.03346730044023029	singlet
c1052	0.9715247956635684	0.028475204336437316	singlet
c1053	0.9665326995597772	0.033467300440230247	singlet
c1054	0.971524795663572	0.028475204336433864	singlet
c1055	0.9665326995507997	0.03346730044920873	singlet
c1056	0.964502941819274	0.03549705818072941	singlet
c1057	0.966532699559778	0.03346730044023026	singlet
c1058	0.9665326995597772	0.033467300440230226	singlet
c1059	0.9665326995597772	0.033467300440230247	singlet
c106	0.9715247956637127	0.028475204336292435	singlet
c1060	0.9665326995597772	0.033467300440230247	singlet
c1061	0.9665326995597774	0.03346730044023029	singlet
c1062	0.9665326995597772	0.033467300440230247	singlet
c1063	0.9715247956691287	0.028475204330878048	singlet
c1064	0.9715247956635682	0.02847520433643781	singlet
c1065	0.966532699559778	0.03346730044023029	singlet
c1066	0.9646256220261338	0.03537437797386251	singlet
c1067	0.9715247956635682	0.02847520433643781	singlet
c1068	0.9356695424223016	0.0643304575776964	singlet
c1069	0.966532699559778	0.03346730044023026	singlet
c107	0.971524795663572	0.028475204336433864	singlet
c1070	0.966532699559778	0.03346730044023026	singlet
c1071	0.9421593485342804	0.05784065146571938	singlet
c1072	0.9715247956628917	0.028475204337102305	singlet
c1073	0.9665326995597772	0.033467300440230247	singlet
c1074	0.9715247956635682	0.02847520433643781	singlet
c1075	0.9715247956635747	0.028475204336431106	singlet
c1076	0.9355541162564565	0.06444588374354472	singlet
c1077	0.971524795663924	0.028475204336082152	singlet
c1078	0.9421593490173668	0.05784065098263994	singlet
c1079	0.9715247957104661	0.02847520428953928	singlet
c108	0.9665326995438409	0.03346730045615872	singlet
c1080	0.9715247956635885	0.028475204336416184	singlet
c1081	0.9665326995597774	0.033467300440230274	singlet
c1082	0.9715247956637155	0.0284752043362905	singlet
c1083	0.9421593490173663	0.05784065098264022	singlet
c1084	0.9715247956687626	0.02847520433124243	singlet
c1085	0.9665326995597772	0.033467300440230226	singlet
c1086	0.9665326995597774	0.03346730044023029	singlet
c1087	0.9715247956635734	0.028475204336432372	singlet
c1088	0.9646256220233843	0.03537437797661277	singlet
c1089	0.9665326995597772	0.033467300440230247	singlet
c109	0.964502941782561	0.03549705821743032	singlet
c1090	0.9715247956636078	0.028475204336398052	singlet
c1091	0.966532699559778	0.03346730044023026	singlet
c1092	0.9715247956637983	0.028475204336206646	singlet
c1093	0.9421593490174067	0.05784065098259992	singlet
c1094	0.9715247956635747	0.028475204336431106	singlet
c1095	0.9421593490173668	0.05784065098264035	singlet
c1096	0.9665326995597774	0.033467300440230274	singlet
c1097	0.9715247956635764	0.028475204336429753	singlet
c1098	0.966532699559778	0.03346730044023026	singlet
c1099	0.964625624002214	0.03537437599778397	singlet
c11	0.9715247956635762	0.028475204336429083	singlet
c110	0.9355408612199546	0.06445913878003438	singlet
c1100	0.9645029417636924	0.0354970582362985	singlet
c1101	0.9715247956641334	0.028475204335872504	singlet
c1102	0.971524795663572	0.028475204336433864	singlet
c1103	0.9665326995597772	0.033467300440230247	singlet
c1104	0.9665326995597772	0.033467300440230247	singlet
c1105	0.9715247956635682	0.02847520433643781	singlet
c1106	0.9665326995583762	0.033467300441629294	singlet
c1107	0.9715247956635682	0.02847520433643781	singlet
c1108	0.966532699559778	0.03346730044023026	singlet
c1109	0.9645029417636924	0.0354970582362985	singlet
c111	0.9665326995597772	0.033467300440230226	singlet
c1110	0.9665326995597774	0.03346730044023029	singlet
c1111	0.9715247956635682	0.02847520433643781	singlet
c1112	0.966532699456605	0.03346730054340173	singlet
c1113	0.9665326995597772	0.033467300440230247	singlet
c1115	0.9715247956641293	0.02847520433587728	singlet
c1116	4.080718594070917e-21	1.0	doublet
c1117	0.9665326995597772	0.033467300440230247	singlet
c1118	0.9665326995597774	0.033467300440230274	singlet
c1119	0.9356695424223718	0.06433045757762718	singlet
c112	0.9665326994566041	0.033467300543401655	singlet
c1120	0.9715247956636108	0.028475204336395672	singlet
c1121	0.9715247956635766	0.02847520433642959	singlet
c1122	0.9715247956635682	0.02847520433643781	singlet
c1123	0.966532699559778	0.03346730044023026	singlet
c1124	0.9665326995507995	0.03346730044920869	singlet
c1127	0.9665326995597772	0.033467300440230247	singlet
c1128	0.9421593490173663	0.057840650982639685	singlet
c1129	0.9715247956635747	0.028475204336431106	singlet
c113	0.9715247956635682	0.02847520433643781	singlet
c1130	0.9715247956561353	0.028475204343863126	singlet
c1131	0.9715247956635973	0.028475204336408457	singlet
c1132	0.9665326995597772	0.033467300440230247	singlet
c1133	0.9715247956636232	0.02847520433638317	singlet
c1134	0.9665326995597772	0.033467300440230247	singlet
c1135	0.9356695424221276	0.06433045757787115	singlet
c1136	0.9715247956636439	0.02847520433636172	singlet
c1137	0.9665326995597772	0.03346730044023021	singlet
c1138	0.9665326995583764	0.03346730044162931	singlet
c1139	0.9715247956635747	0.028475204336431106	singlet
c114	0.9421593490173668	0.05784065098263994	singlet
c1140	0.971524795657845	0.028475204342156647	singlet
c1141	0.9715247956634498	0.028475204336556637	singlet
c1142	7.406063520273987e-18	1.0	doublet
c1143	0.966532699456605	0.03346730054340173	singlet
c1144	0.9665326995597772	0.033467300440230247	singlet
c1145	0.971524795663572	0.028475204336433864	singlet
c1146	0.9715247956635747	0.028475204336431106	singlet
c1147	0.9715247956635682	0.02847520433643781	singlet
c1148	0.9665326995597772	0.033467300440230247	singlet
c1149	0.9665326995597772	0.033467300440230247	singlet
c115	0.9665326995597772	0.033467300440230247	singlet
c1150	0.9665326995597772	0.033467300440230247	singlet
c1151	0.9715247955760972	0.028475204423899638	singlet
c1152	0.9715247956635747	0.028475204336431106	singlet
c1153	0.9665326995597772	0.033467300440230247	singlet
c1154	2.094296153866958e-11	0.9999999999790559	doublet
c1155	0.9715247956637207	0.028475204336285555	singlet
c1156	0.9421593490173663	0.057840650982639685	singlet
c1157	0.9715247956635682	0.02847520433643781	singlet
c1158	0.9665326995597772	0.033467300440230247	singlet
c1159	0.9665326995597772	0.03346730044023021	singlet
c116	0.966532699559778	0.03346730044023026	singlet
c1160	0.9665326995597774	0.03346730044023029	singlet
c1161	0.971524795665678	0.028475204334328912	singlet
c1162	0.9665326995597774	0.033467300440230274	singlet
c1163	0.9665326995597772	0.033467300440230247	singlet
c1164	0.06847564486910357	0.931524355130899	doublet
c1165	0.9421593490173674	0.05784065098263955	singlet
c1166	0.9665326995597772	0.033467300440230247	singlet
c1167	0.9715247956635747	0.028475204336431106	singlet
c1168	0.9665326995597772	0.033467300440230247	singlet
c1169	0.9665326995597774	0.033467300440230226	singlet
c117	0.9715247956636078	0.028475204336398052	singlet
c1170	4.080718594070917e-21	1.0	doublet
c1171	0.9715247956635747	0.028475204336431106	singlet
c1172	0.9715247956635692	0.0284752043364371	singlet
c1173	0.9665326995597774	0.033467300440230274	singlet
c1174	0.9665326995597772	0.033467300440230247	singlet
c1175	0.966532699559778	0.03346730044023026	singlet
c1176	0.9715247956636234	0.02847520433638251	singlet
c1177	0.9665326995597772	0.033467300440230247	singlet
c1178	0.971524795663572	0.028475204336433864	singlet
c1179	0.9665326995597772	0.033467300440230247	singlet
c118	0.966532699559778	0.03346730044023026	singlet
c1180	0.9715247956635682	0.02847520433643781	singlet
c1182	0.9715247956635682	0.02847520433643781	singlet
c1183	0.9715247956636078	0.028475204336398052	singlet
c1184	0.9715247956664292	0.028475204333575605	singlet
c1185	0.9715247956636108	0.028475204336395672	singlet
c1186	0.9421593490173668	0.05784065098264035	singlet
c1187	0.9665326995507995	0.03346730044920869	singlet
c1188	0.9665326995597772	0.03346730044023021	singlet
c1189	0.9665326981706879	0.033467301829304526	singlet
c119	0.9665326995597772	0.033467300440230247	singlet
c1190	0.9665326979263087	0.03346730207368278	singlet
c1191	0.9665326995583764	0.03346730044162931	singlet
c1192	0.9715247956633418	0.028475204336662622	singlet
c1193	0.9665326995597772	0.033467300440230247	singlet
c1194	0.9665326995597774	0.033467300440230226	singlet
c1195	0.9715247956673465	0.028475204332646664	singlet
c1196	0.9665326994225142	0.0334673005774834	singlet
c1197	0.971524795663576	0.02847520433642973	singlet
c1198	0.9665326995597776	0.033467300440230247	singlet
c1199	0.964502941782561	0.03549705821743032	singlet
c12	0.9646256220979645	0.03537437790203175	singlet
c120	0.9665326995597772	0.033467300440230247	singlet
c1200	0.97152479557621	0.028475204423786992	singlet
c1201	0.9665326995597772	0.033467300440230247	singlet
c1202	0.9421593490173711	0.057840650982636084	singlet
c1203	0.971524795663572	0.028475204336433864	singlet
c1204	0.966532699559778	0.03346730044023026	singlet
c1205	0.9715247956637155	0.0284752043362905	singlet
c1206	0.966532699559778	0.03346730044023026	singlet
c1207	0.9421593490173668	0.05784065098264035	singlet
c1208	0.9715247956635733	0.028475204336432837	singlet
c1209	0.9355541162813462	0.06444588371865724	singlet
c121	0.9665326995597772	0.033467300440230247	singlet
c1211	0.971524795663572	0.028475204336433864	singlet
c1212	0.9665326995597772	0.033467300440230247	singlet
c1213	0.9715247956639412	0.028475204336064767	singlet
c1214	0.9665326995597774	0.03346730044023029	singlet
c1215	0.9665326995597774	0.033467300440230226	singlet
c1216	0.9715247956635747	0.028475204336431106	singlet
c1217	0.9665326995597774	0.033467300440230226	singlet
c1218	0.971524795663572	0.028475204336433864	singlet
c1219	0.9665326995597774	0.033467300440230274	singlet
c122	0.9665326995597772	0.033467300440230247	singlet
c1220	0.9715247956636119	0.028475204336394208	singlet
c1221	0.9715247956636401	0.028475204336366057	singlet
c1222	0.9715247956636465	0.028475204336359923	singlet
c1223	0.06847362665674425	0.9315263733432543	doublet
c1224	0.971524795663572	0.028475204336433864	singlet
c1225	0.9715247956635684	0.028475204336437316	singlet
c1226	0.9715247956635747	0.028475204336431106	singlet
c1227	0.9715247956653353	0.028475204334667888	singlet
c1228	0.966532699559778	0.03346730044023026	singlet
c1229	0.971524795663572	0.028475204336433864	singlet
c123	0.9665326995597772	0.033467300440230247	singlet
c1230	0.9646256220211216	0.035374377978875646	singlet
c1231	0.9715247956635747	0.028475204336431106	singlet
c1232	0.9665326995597772	0.033467300440230247	singlet
c1233	0.971524795663572	0.028475204336433864	singlet
c1234	0.9715247956615093	0.028475204338495867	singlet
c1235	0.9715247956635747	0.028475204336431106	singlet
c1236	0.964502941782561	0.03549705821743032	singlet
c1237	0.966532699559778	0.03346730044023026	singlet
c1239	0.9715247956635747	0.028475204336431106	singlet
c124	0.9715247956635747	0.028475204336431106	singlet
c1240	0.9715247956635766	0.02847520433642959	singlet
c1241	3.928544660602663e-08	0.999999960714553	doublet
c1242	0.9665326995597772	0.033467300440230247	singlet
c1243	0.9665326994063357	0.03346730059367062	singlet
c1244	0.9665326995597772	0.033467300440230247	singlet
c1245	0.9665326995507995	0.033467300449208676	singlet
c1246	0.9715247959111359	0.02847520408887095	singlet
c1247	0.971524795663572	0.028475204336433864	singlet
c1248	0.9715247956635747	0.028475204336431106	singlet
c1249	0.9665326995597772	0.033467300440230247	singlet
c125	0.9665326995597772	0.033467300440230247	singlet
c1250	0.9665326995597772	0.033467300440230247	singlet
c1251	0.9665326995507997	0.03346730044920873	singlet
c1252	0.9665326995594236	0.03346730044056212	singlet
c1253	0.9665326995597772	0.033467300440230247	singlet
c1254	0.9715247955749502	0.02847520442503968	singlet
c1255	0.9665326995507995	0.03346730044920869	singlet
c1256	0.966532699559778	0.03346730044023026	singlet
c1257	0.9665326995597772	0.033467300440230247	singlet
c1258	0.9665326995507995	0.03346730044920869	singlet
c1259	0.9665326995597772	0.033467300440230247	singlet
c126	0.9421593490173665	0.05784065098263955	singlet
c1260	0.9421593490173668	0.05784065098264035	singlet
c1261	0.9715247956636214	0.028475204336384938	singlet
c1262	0.9665326995597772	0.033467300440230226	singlet
c1263	0.9715247956636158	0.028475204336389757	singlet
c1264	0.9665326995597772	0.033467300440230247	singlet
c1265	0.9715247956636425	0.028475204336362858	singlet
c1266	0.9710672584178262	0.02893274158217418	singlet
c1267	0.9665326995507995	0.03346730044920869	singlet
c1268	0.9665326995583764	0.03346730044162931	singlet
c1269	0.9715247956635747	0.028475204336431106	singlet
c127	0.9715247956635682	0.02847520433643781	singlet
c1270	0.966532699559778	0.03346730044023026	singlet
c1271	0.9665326995597772	0.03346730044023021	singlet
c1272	0.9665326995597772	0.033467300440230247	singlet
c1274	0.9665326995597772	0.033467300440230247	singlet
c1275	0.9665326995597772	0.033467300440230247	singlet
c1276	0.9355541162699044	0.06444588373009814	singlet
c1277	0.9421593490173665	0.05784065098263955	singlet
c1278	0.9715247956635682	0.02847520433643781	singlet
c1279	0.9715247956635684	0.028475204336437316	singlet
c1280	0.9665326995597772	0.033467300440230247	singlet
c1281	0.9665326995597772	0.033467300440230247	singlet
c1282	0.9645029417747664	0.0354970582252244	singlet
c1283	0.9665326995597772	0.033467300440230247	singlet
c1284	0.9665326995597772	0.033467300440230247	singlet
c1285	0.9665326995597772	0.033467300440230247	singlet
c1286	0.971524795663576	0.02847520433642973	singlet
c1287	1.1567434206287215e-14	0.9999999999999893	doublet
c1288	0.966532699524289	0.03346730047571109	singlet
c1289	0.9665326995597772	0.033467300440230247	singlet
c129	0.971524795663572	0.028475204336433864	singlet
c1290	0.971524795663572	0.028475204336433864	singlet
c1291	0.9665326995597772	0.033467300440230247	singlet
c1292	0.9715247956637199	0.02847520433628629	singlet
c1293	0.9715247956635682	0.02847520433643781	singlet
c1294	0.9665326995597772	0.033467300440230247	singlet
c1295	0.9665326993745472	0.03346730062545671	singlet
c1296	0.971524795663572	0.028475204336433864	singlet
c1297	0.9715247956636187	0.02847520433638657	singlet
c1298	0.9421593490173663	0.057840650982639685	singlet
c1299	0.9646256220215412	0.03537437797845592	singlet
c13	0.9715247956635747	0.028475204336431106	singlet
c130	0.9715247956635692	0.0284752043364371	singlet
c1300	0.9715247956638219	0.02847520433618414	singlet
c1301	0.9665326995597772	0.033467300440230226	singlet
c1302	0.9715247956635747	0.028475204336431106	singlet
c1303	0.9715247956637721	0.028475204336233153	singlet
c1304	0.9665326995597772	0.033467300440230247	singlet
c1305	0.9665326995597772	0.033467300440230226	singlet
c1306	0.9645029417747664	0.0354970582252244	singlet
c1307	1.1567771849091212e-14	0.9999999999999898	doublet
c1308	0.9665326995597772	0.033467300440230247	singlet
c1309	0.966532699559778	0.03346730044023026	singlet
c131	0.0684736481187472	0.9315263518812529	doublet
c1310	0.9715247956707953	0.028475204329209268	singlet
c1311	0.9715247956636592	0.028475204336345573	singlet
c1312	0.9665326995597772	0.033467300440230247	singlet
c1313	0.971524795663572	0.028475204336433864	singlet
c1314	0.9665326995597772	0.033467300440230247	singlet
c1315	0.9715247956635692	0.0284752043364371	singlet
c1316	0.9421593490173668	0.05784065098263994	singlet
c1317	0.9665326995597774	0.033467300440230226	singlet
c1318	0.971524795663572	0.028475204336433864	singlet
c1319	0.9665326995597772	0.03346730044023021	singlet
c132	0.9665326995597772	0.033467300440230247	singlet
c1320	0.9665326995597772	0.033467300440230247	singlet
c1321	0.9665326995597772	0.03346730044023021	singlet
c1323	0.9665326995597772	0.033467300440230247	singlet
c1324	0.9421593490173668	0.05784065098264035	singlet
c1325	0.9715247956635766	0.02847520433642959	singlet
c1326	0.9715247956635682	0.02847520433643781	singlet
c1327	0.9715247956635692	0.0284752043364371	singlet
c1328	0.9665326995597772	0.033467300440230247	singlet
c1329	0.9715247956635996	0.028475204336406042	singlet
c133	0.9355541162564565	0.06444588374354472	singlet
c1330	0.9421593490173663	0.057840650982639685	singlet
c1331	0.9421593490146942	0.05784065098530722	singlet
c1332	0.9645029417636924	0.0354970582362985	singlet
c1333	0.9665326995597772	0.033467300440230247	singlet
c1334	0.966532699559778	0.03346730044023026	singlet
c1335	0.9715247956635743	0.028475204336431536	singlet
c1336	0.9665326995597772	0.033467300440230226	singlet
c1337	0.971524795576104	0.028475204423892998	singlet
c1338	0.966532699559778	0.03346730044023026	singlet
c1339	0.9665326995597772	0.033467300440230247	singlet
c134	0.9715247956635817	0.028475204336424607	singlet
c1340	0.9665326995597772	0.033467300440230247	singlet
c1341	0.9715247956642464	0.028475204335759285	singlet
c1342	0.9665295592392684	0.033470440760700805	singlet
c1343	0.966532699559778	0.03346730044023026	singlet
c1344	0.9665324218602734	0.03346757813972902	singlet
c1346	0.966532699559778	0.03346730044023026	singlet
c1347	0.9665326995508682	0.03346730044914101	singlet
c1348	0.966532699559778	0.03346730044023026	singlet
c1349	0.9665326995597772	0.033467300440230226	singlet
c135	0.9715247956748381	0.028475204325167428	singlet
c1350	0.9665326995597774	0.03346730044023029	singlet
c1351	0.9645029417789429	0.03549705822104843	singlet
c1352	0.9665326995597772	0.033467300440230247	singlet
c1353	0.9665326995597772	0.033467300440230247	singlet
c1354	0.9665326995597772	0.033467300440230247	singlet
c1355	0.966532699559778	0.03346730044023026	singlet
c1356	0.966532699550821	0.03346730044917494	singlet
c1357	0.9421593490173668	0.05784065098264035	singlet
c1358	0.9665326994045637	0.03346730059542891	singlet
c1359	0.9355541163062361	0.06444588369376553	singlet
c136	0.9665324204863306	0.033467579513675065	singlet
c1360	0.9715247956636655	0.028475204336340286	singlet
c1361	0.9421593490173668	0.05784065098263881	singlet
c1362	0.9715247956652041	0.028475204334799907	singlet
c1363	0.9715247956640405	0.028475204335964826	singlet
c1364	0.9646256222094219	0.03537437779057356	singlet
c1365	0.9421593490173668	0.05784065098264035	singlet
c1366	0.9665326995597772	0.033467300440230247	singlet
c1367	0.9715247956648114	0.028475204335195042	singlet
c1368	0.971524795664615	0.028475204335390872	singlet
c1369	0.9715247956635734	0.028475204336432372	singlet
c137	0.971524795657692	0.02847520434230851	singlet
c1370	0.9665326995597772	0.033467300440230226	singlet
c1371	0.9421593490173767	0.057840650982629895	singlet
c1372	0.9715247956635743	0.028475204336431536	singlet
c1373	0.9665304295574241	0.03346957044256792	singlet
c1374	0.9715247956635747	0.028475204336431106	singlet
c1375	0.9715247956635692	0.0284752043364371	singlet
c1376	0.9665326995597772	0.033467300440230247	singlet
c1377	0.9665326995597772	0.033467300440230247	singlet
c1378	0.966532699559778	0.03346730044023026	singlet
c1379	0.971524795663572	0.028475204336433864	singlet
c138	0.9715247956636313	0.02847520433637453	singlet
c1380	0.9665326995597774	0.033467300440230274	singlet
c1381	0.9715247956636067	0.028475204336398885	singlet
c1382	0.9715247956635733	0.028475204336432837	singlet
c1383	0.964502941782561	0.03549705821743032	singlet
c1384	0.9421593490173668	0.05784065098263994	singlet
c1385	0.9715247956637719	0.028475204336233583	singlet
c1386	0.9665326995597772	0.033467300440230247	singlet
c1387	0.9715247956635762	0.028475204336429083	singlet
c1388	0.9715247956635802	0.02847520433642587	singlet
c1389	0.9715247956635981	0.02847520433640698	singlet
c139	0.9665326995597772	0.033467300440230247	singlet
c1390	0.9715247956635766	0.02847520433642959	singlet
c1391	0.9715247956635682	0.02847520433643781	singlet
c1392	0.9665326995597772	0.033467300440230247	singlet
c1393	0.9665326995597774	0.033467300440230226	singlet
c1394	0.9715247956577829	0.02847520434221818	singlet
c1395	0.9665326995508742	0.03346730044913328	singlet
c1396	0.9715247956635747	0.028475204336431106	singlet
c1397	6.143227681214032e-09	0.999999993856771	doublet
c1398	0.9665326995597772	0.033467300440230247	singlet
c1399	0.971524795663572	0.028475204336433864	singlet
c14	0.9715247956834598	0.02847520431654558	singlet
c140	0.9665326995597772	0.033467300440230247	singlet
c1400	0.9665326995597772	0.033467300440230226	singlet
c1401	0.966090858048553	0.033909141951410274	singlet
c1402	0.9665326995597772	0.033467300440230247	singlet
c1403	0.9665326995594236	0.03346730044056217	singlet
c1404	0.9665326995597772	0.033467300440230247	singlet
c1405	0.9715247956597504	0.028475204340250006	singlet
c1406	0.9715247956635762	0.028475204336429083	singlet
c1407	0.9665326995594236	0.03346730044056212	singlet
c1408	0.9715247956635682	0.02847520433643781	singlet
c1409	0.9715247956641326	0.028475204335872084	singlet
c141	0.9665326995597772	0.033467300440230247	singlet
c1410	0.971524795663572	0.028475204336433864	singlet
c1411	0.9715247956635682	0.02847520433643781	singlet
c1412	0.964502941817865	0.03549705818212545	singlet
c1413	0.9665326982796868	0.03346730172030545	singlet
c1414	0.9665326995597772	0.033467300440230247	singlet
c1415	0.966532699559778	0.03346730044023026	singlet
c1416	0.9665326995597774	0.033467300440230274	singlet
c1417	0.9355541162836063	0.06444588371639379	singlet
c1418	0.9665326995515274	0.033467300448481556	singlet
c1419	0.9665326995597774	0.033467300440230274	singlet
c142	0.9665326995597772	0.033467300440230247	singlet
c1420	0.9665326995597772	0.033467300440230247	singlet
c1421	0.9715247956635747	0.028475204336431106	singlet
c1422	0.9665326995597774	0.03346730044023029	singlet
c1423	0.9421593490173668	0.05784065098263994	singlet
c1424	0.9715247956648975	0.028475204335106235	singlet
c1425	1.0204216437694415e-18	1.0000000000000004	doublet
c1426	0.9715247956635743	0.028475204336431536	singlet
c1427	0.9665326995597772	0.033467300440230226	singlet
c1428	0.971524795663572	0.028475204336433864	singlet
c1429	0.9646256220233843	0.03537437797661277	singlet
c1430	0.9665326995597772	0.033467300440230247	singlet
c1431	0.9541374062767886	0.04586259372320446	singlet
c1432	0.9421593490173663	0.057840650982639685	singlet
c1433	0.9715247955765872	0.028475204423409447	singlet
c1434	0.9715247956637092	0.028475204336296557	singlet
c1435	0.9715247956636259	0.028475204336379435	singlet
c1436	0.9665326982796857	0.03346730172030544	singlet
c1437	0.9665326995597772	0.033467300440230247	singlet
c1438	0.966532699559778	0.03346730044023026	singlet
c1439	0.9665326995597772	0.03346730044023021	singlet
c144	0.9665326995583764	0.033467300441629294	singlet
c1440	0.9715247956635762	0.028475204336429083	singlet
c1441	0.9715247956635682	0.02847520433643781	singlet
c1442	0.9715247956635684	0.028475204336437316	singlet
c1443	3.856992022482739e-08	0.9999999614300811	doublet
c1444	0.9665326995597772	0.033467300440230247	singlet
c1445	0.9421593490173668	0.05784065098264035	singlet
c1446	0.9665326995455586	0.03346730045442675	singlet
c1447	0.966532699559778	0.03346730044023026	singlet
c1448	0.9715247956635682	0.02847520433643781	singlet
c1449	0.9715247956635926	0.028475204336413706	singlet
c145	0.9715247958710794	0.028475204128926047	singlet
c1450	0.9421593490173663	0.057840650982639685	singlet
c1451	0.9715247956635908	0.028475204336415146	singlet
c1452	0.971524795663922	0.028475204336083304	singlet
c1453	0.9665326995597774	0.033467300440230226	singlet
c1454	0.9715247956638601	0.028475204336146493	singlet
c1455	0.966532699559778	0.03346730044023026	singlet
c1456	0.966532699559778	0.03346730044023026	singlet
c1457	0.966532699559778	0.03346730044023026	singlet
c1458	0.966532699559778	0.03346730044023026	singlet
c1459	0.9665326995597774	0.033467300440230226	singlet
c146	0.966532699559778	0.03346730044023026	singlet
c1460	0.966532699559778	0.03346730044023026	singlet
c1461	0.9665326995597772	0.033467300440230247	singlet
c1462	0.9665326995597772	0.033467300440230247	singlet
c1463	0.9715247956635682	0.02847520433643781	singlet
c1464	0.9421593490173668	0.05784065098264035	singlet
c1465	0.9665326995597774	0.03346730044023029	singlet
c1466	0.9715247956635682	0.02847520433643781	singlet
c1467	0.9421593490173674	0.057840650982638964	singlet
c1468	0.9665326995597772	0.033467300440230247	singlet
c1469	0.9715247956653362	0.028475204334668623	singlet
c147	0.9665326995597772	0.033467300440230247	singlet
c1470	0.9665326995597772	0.033467300440230247	singlet
c1471	0.9665326995597772	0.033467300440230247	singlet
c1472	0.9665326995597772	0.033467300440230247	singlet
c1473	0.966532699559778	0.03346730044023026	singlet
c1474	0.9665326995597774	0.03346730044023029	singlet
c1475	0.9715247956577456	0.028475204342254805	singlet
c1476	0.9645029426232208	0.035497057376767956	singlet
c1477	0.966532699559778	0.03346730044023026	singlet
c1478	0.9715247956635682	0.02847520433643781	singlet
c1479	0.9665326995597772	0.033467300440230247	singlet
c148	0.9665326995597772	0.033467300440230247	singlet
c1480	0.966532699559778	0.03346730044023026	singlet
c1481	0.9421593490173668	0.05784065098263994	singlet
c1482	0.9665326995597772	0.03346730044023021	singlet
c1483	0.971524795663576	0.02847520433642973	singlet
c1484	0.9665326995597772	0.03346730044023021	singlet
c1485	0.966532699559778	0.03346730044023026	singlet
c1486	0.9646256220211216	0.035374377978875646	singlet
c1487	0.9715247956577574	0.028475204342243345	singlet
c1488	0.964502941782561	0.03549705821743032	singlet
c1489	0.966532699559778	0.03346730044023026	singlet
c149	0.9541374062738176	0.045862593726171616	singlet
c1490	0.9421593490173671	0.05784065098263958	singlet
c1491	0.971524795669047	0.02847520433096047	singlet
c1492	0.9665326995597772	0.033467300440230226	singlet
c1493	0.9665326995583762	0.033467300441629294	singlet
c1494	0.9665326995597772	0.033467300440230247	singlet
c1495	0.9665326995597772	0.033467300440230247	singlet
c1496	0.9665326995597772	0.033467300440230226	singlet
c1497	0.9665326995597774	0.03346730044023029	singlet
c1498	0.9665326995597772	0.033467300440230226	singlet
c1499	0.966532699559778	0.03346730044023026	singlet
c15	0.9665326995597772	0.033467300440230247	singlet
c150	0.9715247956636206	0.028475204336385306	singlet
c1500	0.9715247956654783	0.028475204334527323	singlet
c1501	0.9665326995597772	0.03346730044023021	singlet
c1502	0.9665326995597774	0.033467300440230274	singlet
c1503	0.9421593490173751	0.05784065098263041	singlet
c1504	0.9715247956576953	0.028475204342306472	singlet
c1505	0.9715247956635747	0.028475204336431106	singlet
c1506	0.9665326995507997	0.03346730044920872	singlet
c1507	0.9715247956558681	0.02847520434412997	singlet
c1508	0.9715247956613486	0.02847520433865208	singlet
c1509	0.9665326995597772	0.033467300440230247	singlet
c151	0.9715247956635682	0.02847520433643781	singlet
c1510	0.9665326995597774	0.033467300440230274	singlet
c1511	0.9715247956644417	0.028475204335564646	singlet
c1512	0.9665325797777276	0.03346742022227423	singlet
c1513	0.9645029417775886	0.0354970582224024	singlet
c1514	0.9665326995597772	0.033467300440230247	singlet
c1515	0.9715247956636194	0.028475204336386277	singlet
c1516	0.971524795663576	0.02847520433642973	singlet
c1517	0.9665324204863304	0.03346757951367508	singlet
c1518	0.9715247956635734	0.028475204336432372	singlet
c1519	0.9665326995583764	0.03346730044162931	singlet
c152	0.9715247956635747	0.028475204336431106	singlet
c1520	0.9715247956635692	0.0284752043364371	singlet
c1521	0.9665326995597772	0.033467300440230247	singlet
c1522	0.9715247956635759	0.02847520433643022	singlet
c1523	0.971524795663572	0.028475204336433864	singlet
c1524	0.9715247956635747	0.028475204336431106	singlet
c1525	0.9715247956635682	0.02847520433643781	singlet
c1526	0.9665326995597774	0.033467300440230274	singlet
c1527	0.9715247956635747	0.028475204336431106	singlet
c1528	0.9665326995445691	0.03346730045543162	singlet
c1529	0.9665326995597772	0.033467300440230226	singlet
c153	0.966532699559778	0.03346730044023026	singlet
c1530	0.971524795663572	0.028475204336433864	singlet
c1531	0.9665326995597772	0.033467300440230247	singlet
c1532	0.9421593490173663	0.057840650982639685	singlet
c1533	0.9665326975935152	0.03346730240648044	singlet
c1534	0.9665326995597772	0.033467300440230247	singlet
c1535	0.9665326995597774	0.03346730044023029	singlet
c1536	0.9665326995597772	0.033467300440230247	singlet
c1537	0.9645029417813583	0.03549705821863205	singlet
c1538	0.9473637628699523	0.05263623713004733	singlet
c1539	0.9665326995597774	0.033467300440230274	singlet
c154	0.9665326995597772	0.033467300440230247	singlet
c1540	0.9665326995597772	0.033467300440230226	singlet
c1541	0.966532699559778	0.03346730044023026	singlet
c1542	0.971524795663572	0.028475204336433864	singlet
c1543	0.9665326995597774	0.03346730044023029	singlet
c1544	0.9715247956635692	0.0284752043364371	singlet
c1545	0.966532699456605	0.03346730054340173	singlet
c1546	0.9665326995597772	0.033467300440230247	singlet
c1547	0.9715247956635747	0.028475204336431106	singlet
c1548	0.9715247956635736	0.028475204336432143	singlet
c1549	0.9715247956635682	0.02847520433643781	singlet
c155	0.9715247956635682	0.02847520433643781	singlet
c1550	0.9665326995597774	0.033467300440230226	singlet
c1551	0.9715247956633353	0.028475204336669134	singlet
c1552	0.9665326995507995	0.03346730044920866	singlet
c1553	0.9715247956635747	0.028475204336431106	singlet
c1554	0.9715247955761174	0.028475204423879175	singlet
c1555	0.9665326995597774	0.033467300440230226	singlet
c1556	0.9665326995507997	0.0334673004492087	singlet
c1557	0.9715247956635747	0.028475204336431106	singlet
c1558	0.9665326995502924	0.0334673004497152	singlet
c1559	0.966532699559778	0.03346730044023026	singlet
c156	0.9665326995597772	0.033467300440230247	singlet
c1560	0.9421593490173668	0.057840650982639526	singlet
c1561	0.9715247956636573	0.028475204336348314	singlet
c1562	0.9715247956635682	0.02847520433643781	singlet
c1563	0.9715247956635733	0.028475204336432837	singlet
c1564	0.9715247956617302	0.028475204338267338	singlet
c1565	0.9665326995597772	0.033467300440230247	singlet
c1566	0.971524795663572	0.028475204336433864	singlet
c1567	0.966532699559778	0.03346730044023026	singlet
c1568	0.9665326995597772	0.033467300440230226	singlet
c1569	0.9665326995597772	0.033467300440230247	singlet
c157	0.9665326995597772	0.03346730044023021	singlet
c1570	0.971524795663572	0.028475204336433864	singlet
c1571	0.9715247956636108	0.028475204336395672	singlet
c1572	0.9715247956637064	0.0284752043362991	singlet
c1573	0.9715247956635747	0.028475204336431106	singlet
c1574	0.9715247956635747	0.028475204336431106	singlet
c1575	0.9715247956636166	0.028475204336389427	singlet
c1576	0.9665326995597774	0.03346730044023029	singlet
c1577	0.9715247956636707	0.028475204336335533	singlet
c1578	0.9646256224081361	0.035374377591860975	singlet
c1579	0.9665326995507997	0.0334673004492087	singlet
c158	0.9665326995597772	0.033467300440230274	singlet
c1580	0.966532699559778	0.03346730044023026	singlet
c1581	0.966532699559778	0.03346730044023026	singlet
c1582	0.06847362665674425	0.9315263733432543	doublet
c1583	0.966532699524289	0.03346730047571109	singlet
c1584	0.9665326995597774	0.033467300440230226	singlet
c1585	0.9665326995597772	0.033467300440230247	singlet
c1586	0.9715247956635747	0.028475204336431106	singlet
c1587	0.9715247956635977	0.028475204336408624	singlet
c1588	0.9665326995508666	0.03346730044914101	singlet
c1589	0.9665326995242886	0.033467300475711025	singlet
c159	0.9715247956682753	0.028475204331730723	singlet
c1591	0.9715247956637659	0.028475204336240286	singlet
c1592	0.966532699559778	0.03346730044023026	singlet
c16	0.9715247956635762	0.028475204336429083	singlet
c160	0.9665326995507997	0.03346730044920873	singlet
c161	0.9665326993404872	0.03346730065950759	singlet
c162	0.9665326995597774	0.033467300440230274	singlet
c163	0.9715247956636108	0.028475204336395672	singlet
c164	0.9715247956636108	0.028475204336395672	singlet
c165	0.9715247956653648	0.0284752043346407	singlet
c166	0.9665326995515086	0.03346730044849924	singlet
c167	0.9715247956635747	0.028475204336431106	singlet
c168	0.9665326995597772	0.033467300440230247	singlet
c169	0.971524795657689	0.028475204342311152	singlet
c17	0.9665326995597772	0.03346730044023021	singlet
c170	3.3333879694823586e-12	0.9999999999966662	doublet
c171	0.971524795663572	0.028475204336433864	singlet
c172	0.9715247956635692	0.0284752043364371	singlet
c173	0.9665326982796866	0.03346730172030545	singlet
c174	0.9715247956635682	0.02847520433643781	singlet
c175	0.9645029417747664	0.0354970582252244	singlet
c176	0.9665326995597772	0.033467300440230247	singlet
c177	0.966532699456605	0.03346730054340173	singlet
c178	0.9665326995597772	0.033467300440230247	singlet
c179	0.9665326995597772	0.033467300440230247	singlet
c18	0.9715247956635692	0.0284752043364371	singlet
c180	0.9665326995597772	0.033467300440230247	singlet
c181	0.9665325797777286	0.033467420222274294	singlet
c182	0.966532699559778	0.03346730044023026	singlet
c183	0.964502941959422	0.03549705804056974	singlet
c184	0.9665326993966509	0.03346730060334121	singlet
c185	0.971524795663572	0.028475204336433864	singlet
c186	0.966532699559778	0.03346730044023026	singlet
c187	0.966532420486331	0.03346757951367509	singlet
c188	0.9665326995597772	0.033467300440230247	singlet
c189	0.9665326995597774	0.033467300440230226	singlet
c19	0.9715247956636234	0.02847520433638251	singlet
c190	0.9715247956635875	0.02847520433641855	singlet
c191	0.9665326995507997	0.03346730044920873	singlet
c192	0.9665326995597772	0.033467300440230247	singlet
c193	0.9645029417747664	0.0354970582252244	singlet
c194	0.9715247956640156	0.02847520433598965	singlet
c195	0.9665326995597772	0.033467300440230247	singlet
c196	0.9715247957286322	0.028475204271372543	singlet
c197	0.9665326995597772	0.033467300440230247	singlet
c198	0.9715247956612652	0.02847520433874147	singlet
c199	0.9665326994610072	0.03346730053899926	singlet
c2	0.9665326995597772	0.033467300440230226	singlet
c20	0.9665326995508666	0.03346730044914101	singlet
c200	0.9421593490175694	0.05784065098243545	singlet
c201	0.9665326995597772	0.033467300440230247	singlet
c202	0.9665326995597774	0.033467300440230274	singlet
c203	0.9665326995597774	0.033467300440230226	singlet
c204	0.9665326995597774	0.033467300440230226	singlet
c205	0.9541374017715794	0.045862598228419184	singlet
c206	0.9665326995597774	0.03346730044023029	singlet
c207	0.9715247956635732	0.028475204336432445	singlet
c208	0.9665326995597772	0.033467300440230247	singlet
c209	0.9715247956635747	0.028475204336431106	singlet
c21	0.9715247956635853	0.02847520433642028	singlet
c210	0.9715247956635914	0.028475204336414362	singlet
c211	0.9665326995507997	0.03346730044920873	singlet
c212	0.9665326995597772	0.033467300440230247	singlet
c213	0.9715247956635692	0.0284752043364371	singlet
c214	0.971524795663725	0.0284752043362817	singlet
c215	0.966532699559778	0.03346730044023026	singlet
c216	0.9665326995597774	0.03346730044023029	singlet
c217	0.9715247956645314	0.028475204335473472	singlet
c218	0.5222641891139995	0.47773581088599887	singlet
c219	0.9715247956636985	0.02847520433630612	singlet
c22	0.9715247956635747	0.028475204336431106	singlet
c220	0.971524795663576	0.02847520433642973	singlet
c221	0.9715247956635682	0.02847520433643781	singlet
c222	0.9665326995597774	0.03346730044023029	singlet
c223	0.9665326995502922	0.03346730044971519	singlet
c224	0.971524795663572	0.028475204336433864	singlet
c225	0.9715247956635779	0.028475204336428892	singlet
c226	0.9715247956635682	0.02847520433643781	singlet
c227	0.971524795663572	0.028475204336433864	singlet
c228	0.9715247956637064	0.0284752043362991	singlet
c229	0.9665326995597772	0.033467300440230247	singlet
c23	0.9665326995597774	0.033467300440230226	singlet
c230	0.9715247956635684	0.028475204336437316	singlet
c231	0.9665326995583764	0.03346730044162931	singlet
c232	0.9645029417636924	0.0354970582362985	singlet
c233	0.9715247956635723	0.02847520433643323	singlet
c234	2.0940777676086345e-11	0.9999999999790599	doublet
c235	0.9715247956635747	0.028475204336431106	singlet
c236	0.966532699559778	0.03346730044023026	singlet
c237	0.9715247956635682	0.02847520433643781	singlet
c238	0.9645029417650806	0.03549705823491001	singlet
c239	0.971524795663791	0.02847520433621377	singlet
c24	0.971067258375025	0.028932741624975184	singlet
c240	0.9646256220211216	0.035374377978875646	singlet
c241	0.971524795663572	0.028475204336433864	singlet
c242	0.9715247956635747	0.028475204336431106	singlet
c243	0.9715247956637142	0.028475204336291537	singlet
c244	0.9665326995597774	0.03346730044023029	singlet
c245	0.9665326995597774	0.033467300440230226	singlet
c246	0.9541374062767841	0.045862593723208875	singlet
c247	0.9715247956635901	0.028475204336416107	singlet
c248	0.9421593490173668	0.05784065098264035	singlet
c249	0.9715247956635682	0.02847520433643781	singlet
c25	0.9665326995597772	0.033467300440230247	singlet
c250	0.971524795663572	0.028475204336433864	singlet
c251	0.964502941817865	0.03549705818212545	singlet
c252	0.966532699559778	0.03346730044023026	singlet
c253	0.9715247955761059	0.028475204423890888	singlet
c254	0.964502942207964	0.03549705779202562	singlet
c255	0.966532699559778	0.03346730044023026	singlet
c256	0.971524795663572	0.028475204336433864	singlet
c257	0.9665326995508203	0.03346730044917498	singlet
c258	0.964502941782561	0.03549705821743032	singlet
c259	0.9715247956635682	0.02847520433643781	singlet
c26	1.8411167583185335e-15	0.9999999999999982	doublet
c260	0.9665326995597774	0.033467300440230226	singlet
c261	0.9355406245193395	0.06445937548066799	singlet
c262	0.971524795657845	0.028475204342156647	singlet
c263	0.9665326995597772	0.033467300440230247	singlet
c264	0.9645029421047956	0.03549705789519378	singlet
c265	0.966532699559778	0.03346730044023026	singlet
c266	0.6309132237013344	0.3690867762986771	singlet
c267	0.9715247956640369	0.028475204335967962	singlet
c268	0.9665326995597774	0.033467300440230226	singlet
c269	0.9715247956635747	0.028475204336431106	singlet
c27	0.9715247956635682	0.02847520433643781	singlet
c270	0.9356695424223616	0.0643304575776364	singlet
c271	0.9715247956635747	0.028475204336431106	singlet
c272	4.080718594070917e-21	1.0	doublet
c273	0.9665326995597774	0.03346730044023029	singlet
c274	0.9715247956643763	0.02847520433562943	singlet
c275	0.966532699559778	0.03346730044023026	singlet
c276	0.966532699559424	0.03346730044056212	singlet
c277	0.9665326995507997	0.03346730044920873	singlet
c278	0.9645029417636924	0.0354970582362985	singlet
c279	0.9665326982796859	0.03346730172030544	singlet
c28	0.9665326982609749	0.03346730173902784	singlet
c280	0.9665326995597774	0.03346730044023029	singlet
c281	0.971524795663576	0.02847520433642973	singlet
c282	0.9421593490173665	0.05784065098263976	singlet
c283	0.9665326995597772	0.033467300440230247	singlet
c284	0.9665326995597772	0.033467300440230247	singlet
c285	0.966532699559778	0.03346730044023026	singlet
c286	0.9421593490173663	0.057840650982639685	singlet
c287	0.9421593490173663	0.057840650982639685	singlet
c288	0.966532699559778	0.03346730044023029	singlet
c289	0.9665326995597774	0.033467300440230226	singlet
c29	0.9665326995597774	0.03346730044023029	singlet
c290	0.971524795663572	0.028475204336433864	singlet
c291	0.966532699559778	0.03346730044023026	singlet
c292	0.9665326995597772	0.033467300440230247	singlet
c293	0.9646256220333523	0.0353743779666441	singlet
c294	0.9715247956657935	0.028475204334211284	singlet
c295	0.9421593489761784	0.05784065102382042	singlet
c296	0.9715247956635747	0.028475204336431106	singlet
c297	0.9665326995597772	0.033467300440230247	singlet
c298	0.9665326995597772	0.033467300440230247	singlet
c299	0.9715247956635692	0.0284752043364371	singlet
c3	0.9665326995515079	0.03346730044849926	singlet
c30	0.9421593490173665	0.05784065098263976	singlet
c300	0.966532698259142	0.03346730174085162	singlet
c301	0.9665326995597772	0.033467300440230247	singlet
c302	0.9708317844256514	0.02916821557435432	singlet
c303	0.9665326995597772	0.033467300440230247	singlet
c304	0.971524795663572	0.028475204336433864	singlet
c305	0.9421593490173663	0.057840650982639685	singlet
c306	0.9715247956635682	0.02847520433643781	singlet
c307	0.9665326995597774	0.03346730044023029	singlet
c308	0.9715247956689425	0.0284752043310628	singlet
c309	3.795714691336613e-08	0.9999999620428521	doublet
c31	0.9665326995597774	0.03346730044023029	singlet
c310	0.9665326995597772	0.033467300440230247	singlet
c311	0.9715247956636425	0.028475204336362858	singlet
c312	0.9715247956636305	0.028475204336375088	singlet
c313	0.971524795663658	0.028475204336348175	singlet
c314	0.9665326995597774	0.03346730044023029	singlet
c315	0.9665326995583762	0.033467300441629294	singlet
c316	0.9665326995597772	0.033467300440230247	singlet
c317	0.9715247956635747	0.028475204336431106	singlet
c318	0.971524795663576	0.02847520433642973	singlet
c319	0.9421593490173668	0.05784065098264035	singlet
c32	0.9665326994610072	0.033467300538999246	singlet
c320	0.9665326995597774	0.03346730044023029	singlet
c321	0.966532699559778	0.03346730044023026	singlet
c322	0.9474821213639957	0.05251787863599778	singlet
c323	0.9715247956635862	0.028475204336420232	singlet
c324	0.9421593490173663	0.057840650982639685	singlet
c325	0.06832345399362871	0.9316765460063721	doublet
c326	0.9715247956635882	0.028475204336417512	singlet
c327	0.9665326995597772	0.033467300440230226	singlet
c328	4.080718594070917e-21	1.0	doublet
c329	0.9665326995597774	0.033467300440230274	singlet
c33	0.9665326995597772	0.033467300440230247	singlet
c330	0.9715247956606979	0.028475204339304675	singlet
c331	0.9665326982425284	0.03346730175747428	singlet
c332	0.9665326995597772	0.033467300440230247	singlet
c333	0.9665326994063357	0.03346730059367062	singlet
c334	0.966532699559778	0.03346730044023026	singlet
c335	0.9715247956635765	0.02847520433642917	singlet
c336	0.9715247956635682	0.02847520433643781	singlet
c337	0.9715247956635733	0.028475204336432837	singlet
c338	0.9715247956635747	0.028475204336431106	singlet
c339	0.9665326995597774	0.033467300440230226	singlet
c34	0.9715247956642715	0.028475204335734933	singlet
c340	0.942159349017366	0.05784065098264025	singlet
c341	0.9665326995502922	0.03346730044971519	singlet
c342	0.971524795663626	0.028475204336380018	singlet
c343	0.9665326995597772	0.033467300440230226	singlet
c344	0.971524795657689	0.028475204342311152	singlet
c345	0.971524795663572	0.028475204336433864	singlet
c346	0.9715247956635747	0.028475204336431106	singlet
c347	0.9665326995597772	0.033467300440230247	singlet
c348	0.9421593490173671	0.05784065098263958	singlet
c349	0.9665326995597774	0.033467300440230226	singlet
c35	0.971524795663878	0.028475204336127335	singlet
c350	0.9665326995597772	0.033467300440230247	singlet
c351	0.9665326994566034	0.03346730054340167	singlet
c352	0.9665326995597772	0.033467300440230247	singlet
c353	0.9645029417850342	0.03549705821495659	singlet
c354	0.9715247956635747	0.028475204336431106	singlet
c355	0.9715247956648428	0.02847520433516253	singlet
c356	0.9715247956635766	0.02847520433642959	singlet
c357	0.966532699559778	0.03346730044023026	singlet
c358	0.9355541162580202	0.06444588374198111	singlet
c359	0.9665326995597772	0.033467300440230247	singlet
c36	0.9715247959398626	0.028475204060141656	singlet
c360	0.9665326995597772	0.033467300440230247	singlet
c361	0.966532699461007	0.033467300538999246	singlet
c362	0.9715247956635682	0.02847520433643781	singlet
c363	0.9715247956635747	0.028475204336431106	singlet
c364	0.9665326995597772	0.033467300440230247	singlet
c365	0.9665326995597774	0.033467300440230226	singlet
c366	0.9665326995597772	0.033467300440230247	singlet
c367	0.9665326995597772	0.033467300440230247	singlet
c368	0.971524795663572	0.028475204336433864	singlet
c369	0.9715247956635747	0.028475204336431106	singlet
c37	0.9715247956636162	0.028475204336389982	singlet
c370	0.9665326995597772	0.033467300440230247	singlet
c371	0.9665326995507995	0.033467300449208676	singlet
c372	0.9665326995597774	0.033467300440230226	singlet
c373	0.9665326995597772	0.033467300440230247	singlet
c374	0.9665326995597772	0.033467300440230247	singlet
c375	0.9715247956635682	0.02847520433643781	singlet
c376	0.964502941782561	0.03549705821743032	singlet
c377	0.9665326995597774	0.03346730044023029	singlet
c378	1.808736712120651e-15	0.9999999999999978	doublet
c379	0.9715247955761191	0.02847520442387756	singlet
c38	0.9715247956537449	0.028475204346253852	singlet
c380	0.9665326995597772	0.033467300440230247	singlet
c381	0.9665326994566034	0.03346730054340167	singlet
c382	0.9665326995583773	0.03346730044162928	singlet
c383	0.9665326995597774	0.033467300440230274	singlet
c384	0.9665326995597774	0.033467300440230274	singlet
c385	0.9715247956576896	0.028475204342311267	singlet
c386	0.9665326995597772	0.033467300440230247	singlet
c387	0.9665326995597772	0.033467300440230247	singlet
c388	0.9715247956635682	0.02847520433643781	singlet
c389	0.9645029417636924	0.0354970582362985	singlet
c39	0.9665326995597774	0.033467300440230274	singlet
c390	0.9665326995597774	0.033467300440230226	singlet
c392	0.9665326981414912	0.03346730185850046	singlet
c393	0.9715247956695298	0.02847520433047726	singlet
c394	0.9715247956635747	0.028475204336431106	singlet
c395	0.9715247956577007	0.028475204342300175	singlet
c396	0.9665326995597774	0.033467300440230274	singlet
c397	0.9665326995597772	0.033467300440230247	singlet
c398	0.9715247956642205	0.028475204335784137	singlet
c399	0.9665326995508742	0.03346730044913328	singlet
c4	0.9665326984703725	0.03346730152962732	singlet
c40	0.9710672579293033	0.02893274207069616	singlet
c400	0.9715247956637606	0.02847520433624476	singlet
c401	0.9715247956776304	0.028475204322373868	singlet
c402	0.06847362665674425	0.9315263733432543	doublet
c403	1.4635745131159956e-14	0.9999999999999845	doublet
c404	0.9715247955761043	0.02847520442389296	singlet
c405	0.9715247956635734	0.028475204336432372	singlet
c406	0.9646256220211216	0.035374377978875646	singlet
c407	0.9715247956649816	0.028475204335024658	singlet
c408	0.966532699559778	0.03346730044023026	singlet
c409	0.9665326995597774	0.03346730044023029	singlet
c41	0.966532699559778	0.03346730044023026	singlet
c410	0.9665326995597772	0.033467300440230247	singlet
c411	0.9715247956635765	0.02847520433642917	singlet
c412	0.9665326995597772	0.033467300440230247	singlet
c413	0.9715247956635955	0.028475204336410154	singlet
c414	0.9665326995597772	0.033467300440230226	singlet
c415	0.9665326995597772	0.033467300440230247	singlet
c416	0.9715247956639858	0.028475204336020226	singlet
c417	0.9665326995583764	0.03346730044162931	singlet
c418	1.0025373448090938e-18	0.9999999999999991	doublet
c419	0.9715247956635747	0.028475204336431106	singlet
c42	0.964502941782561	0.03549705821743032	singlet
c420	0.9715247956635762	0.028475204336429083	singlet
c421	0.9715247956636748	0.02847520433633027	singlet
c422	1.092615935046397e-05	0.9999890738406481	doublet
c423	0.9715247956636234	0.02847520433638251	singlet
c424	0.9715247956636702	0.028475204336336088	singlet
c425	0.9665326995597774	0.033467300440230226	singlet
c426	0.9715247956635747	0.028475204336431106	singlet
c427	0.971524795663572	0.028475204336433864	singlet
c428	0.971524795663572	0.028475204336433864	singlet
c429	0.9665326995597774	0.033467300440230226	singlet
c43	0.9715247956635817	0.028475204336424365	singlet
c430	0.9421593490173668	0.05784065098263994	singlet
c431	0.9665326995597772	0.03346730044023021	singlet
c432	0.9665326995507997	0.0334673004492087	singlet
c433	0.9665326995597772	0.033467300440230247	singlet
c435	0.9665326995597772	0.033467300440230247	singlet
c436	0.9665326995597772	0.033467300440230247	singlet
c437	0.9665326995597774	0.03346730044023029	singlet
c438	0.9665326995508203	0.033467300449174925	singlet
c439	0.9665326982796868	0.03346730172030545	singlet
c44	0.9665326995597772	0.033467300440230247	singlet
c440	0.9710672591599655	0.028932740840035862	singlet
c441	0.9715247956637073	0.028475204336298608	singlet
c442	0.9715247956635692	0.0284752043364371	singlet
c443	0.9665326995507995	0.03346730044920869	singlet
c444	0.9715247956635682	0.02847520433643781	singlet
c445	3.926834375805808e-08	0.999999960731658	doublet
c446	0.966532699559778	0.03346730044023026	singlet
c447	0.9715247956636702	0.028475204336336088	singlet
c448	0.9665326995597772	0.033467300440230247	singlet
c449	0.9665326995597772	0.033467300440230247	singlet
c45	0.9715247956635682	0.02847520433643781	singlet
c450	0.9665326995597774	0.033467300440230274	singlet
c451	0.9665326994063357	0.03346730059367062	singlet
c452	0.9715247956635684	0.028475204336437316	singlet
c453	0.9715247956635734	0.028475204336432372	singlet
c454	0.9715247956635172	0.028475204336489226	singlet
c455	0.9715247956636108	0.028475204336395672	singlet
c456	0.9665326995597772	0.033467300440230247	singlet
c457	0.9665326995507997	0.03346730044920873	singlet
c458	0.9715247956635747	0.028475204336431106	singlet
c459	0.9665326995597774	0.03346730044023029	singlet
c46	0.9715247956718492	0.02847520432815673	singlet
c460	0.9645029417636924	0.0354970582362985	singlet
c461	0.9665326995597774	0.03346730044023021	singlet
c462	1.112235734893752e-05	0.9999888776426509	doublet
c463	0.9715247956597313	0.0284752043402723	singlet
c464	0.9665326995597772	0.033467300440230247	singlet
c465	0.9665326995597772	0.033467300440230247	singlet
c466	0.9665326995507995	0.03346730044920869	singlet
c467	0.9665326995597772	0.033467300440230247	singlet
c468	0.9715247955761421	0.028475204423854532	singlet
c469	0.9665326995597772	0.03346730044023021	singlet
c470	0.9665326995597772	0.033467300440230226	singlet
c471	0.9665326995597772	0.03346730044023021	singlet
c472	0.9715247956635733	0.028475204336432837	singlet
c473	0.9715247958354204	0.028475204164583476	singlet
c474	0.9708235870132265	0.029176412986779254	singlet
c475	0.9715247956635747	0.028475204336431106	singlet
c476	0.9715247956651192	0.028475204334885342	singlet
c477	0.9665324197131376	0.03346758028686837	singlet
c478	0.9715247956636409	0.028475204336365502	singlet
c479	0.9665326995597772	0.033467300440230247	singlet
c48	0.9665326995597772	0.03346730044023021	singlet
c480	0.9665326983069092	0.03346730169309427	singlet
c481	0.966532699559778	0.03346730044023026	singlet
c482	0.9355541162580202	0.06444588374198111	singlet
c483	0.9665326995597772	0.03346730044023021	singlet
c484	0.9715247956635682	0.02847520433643781	singlet
c485	0.971524795663576	0.02847520433642973	singlet
c486	0.9355541162564565	0.06444588374354472	singlet
c487	0.9715247956635747	0.028475204336431106	singlet
c488	0.9715247956635747	0.028475204336431106	singlet
c489	0.9665326995597772	0.033467300440230247	singlet
c49	0.9665326995597772	0.033467300440230247	singlet
c490	0.9665326994063355	0.03346730059367056	singlet
c491	0.9665326995597774	0.033467300440230226	singlet
c492	0.9715247956635747	0.028475204336431106	singlet
c493	0.9715247956635743	0.028475204336431536	singlet
c494	0.9665326995597772	0.033467300440230247	singlet
c495	0.966532699559778	0.03346730044023026	singlet
c496	0.971524795658069	0.0284752043419329	singlet
c497	0.9665326995597774	0.033467300440230274	singlet
c498	0.9665326995597774	0.033467300440230226	singlet
c499	0.9665326995597772	0.033467300440230226	singlet
c5	0.9715247956635682	0.02847520433643781	singlet
c50	0.9665326995597772	0.03346730044023021	singlet
c500	0.966532699559778	0.03346730044023026	singlet
c501	0.9715247956635747	0.028475204336431106	singlet
c502	0.9715247956635766	0.02847520433642959	singlet
c503	0.9541374062767874	0.045862593723205315	singlet
c504	0.9421593490173663	0.057840650982639685	singlet
c505	0.9715247956635747	0.028475204336431106	singlet
c506	0.9715247956635682	0.02847520433643781	singlet
c507	0.9665326995597772	0.033467300440230247	singlet
c508	0.971524795663576	0.02847520433642973	singlet
c509	0.9665326995597772	0.03346730044023021	singlet
c51	0.9665326995597774	0.03346730044023029	singlet
c510	0.9665326995597772	0.03346730044023021	singlet
c511	0.9665326995597774	0.033467300440230226	singlet
c512	0.9665326995597772	0.033467300440230247	singlet
c513	1.1776628875941201e-14	0.9999999999999867	doublet
c514	0.9646256220211216	0.035374377978875646	singlet
c515	0.9665326995583762	0.033467300441629294	singlet
c516	0.9665326995597774	0.03346730044023029	singlet
c517	0.9665326995597772	0.033467300440230247	singlet
c518	0.9665326995597772	0.033467300440230226	singlet
c519	0.9665326995597774	0.033467300440230274	singlet
c52	0.9715247956635766	0.02847520433642959	singlet
c520	0.9665326995507997	0.0334673004492087	singlet
c521	7.406063520273987e-18	1.0	doublet
c522	0.9715247956636034	0.028475204336401883	singlet
c523	0.9665326995597772	0.033467300440230226	singlet
c524	0.9715247956635733	0.028475204336432837	singlet
c525	0.9665326995597772	0.033467300440230247	singlet
c526	0.9355541162580202	0.06444588374198111	singlet
c527	0.9355541162564565	0.06444588374354472	singlet
c528	0.9665326995597772	0.033467300440230247	singlet
c529	0.9421593490173663	0.057840650982639685	singlet
c53	0.9421593490173665	0.05784065098263955	singlet
c530	0.9665326995597774	0.03346730044023029	singlet
c531	0.9715247956541718	0.028475204345825445	singlet
c532	0.9665326995597772	0.033467300440230247	singlet
c533	0.9665326995597772	0.033467300440230226	singlet
c534	0.9715247956683648	0.02847520433164098	singlet
c535	0.9665326995597774	0.033467300440230226	singlet
c536	0.9715247956635684	0.028475204336437316	singlet
c537	0.9665326995502924	0.0334673004497152	singlet
c538	0.9715247956635747	0.028475204336431106	singlet
c539	0.9715247956665647	0.02847520433343792	singlet
c54	0.9356695424221018	0.06433045757789632	singlet
c540	0.9665326995583764	0.03346730044162931	singlet
c541	0.9665326995597772	0.033467300440230247	singlet
c542	0.9665326995507997	0.03346730044920872	singlet
c543	0.9665326995597772	0.033467300440230247	singlet
c544	0.9665326995597772	0.033467300440230247	singlet
c545	0.964502941782561	0.03549705821743032	singlet
c546	0.971524795663786	0.028475204336219445	singlet
c547	0.9665326995597774	0.033467300440230274	singlet
c548	0.966532699559778	0.03346730044023026	singlet
c549	0.9665326995597772	0.033467300440230247	singlet
c55	0.9355541162864791	0.06444588371352351	singlet
c551	0.9665326995597772	0.033467300440230247	singlet
c552	0.9715247956635762	0.028475204336429083	singlet
c553	0.9715247956635692	0.0284752043364371	singlet
c554	0.9715247956635684	0.028475204336437316	singlet
c555	0.9665326995597772	0.03346730044023021	singlet
c556	0.9715247956635977	0.028475204336408624	singlet
c557	0.9665326995597772	0.033467300440230247	singlet
c558	0.966532699559778	0.03346730044023026	singlet
c559	0.9665326994610072	0.03346730053899921	singlet
c56	0.9665326995597772	0.033467300440230247	singlet
c560	0.971524795663335	0.02847520433666975	singlet
c561	0.9665326995597774	0.033467300440230226	singlet
c562	0.9715247956635684	0.028475204336437316	singlet
c563	0.971524795663572	0.028475204336433864	singlet
c564	0.9715247956636315	0.02847520433637405	singlet
c565	0.9715247956576862	0.02847520434231516	singlet
c566	0.9715247956635901	0.028475204336416107	singlet
c567	0.966532699559778	0.03346730044023026	singlet
c568	0.9665326995455578	0.03346730045442675	singlet
c569	0.971524795663729	0.02847520433627692	singlet
c57	0.9665326995597772	0.033467300440230247	singlet
c570	0.9715247956644686	0.028475204335537473	singlet
c571	0.9665326995597772	0.033467300440230247	singlet
c572	0.966532699559778	0.03346730044023026	singlet
c573	0.9715247956635736	0.028475204336432143	singlet
c574	0.9715247955761026	0.028475204423894732	singlet
c575	0.9715247957016494	0.028475204298355653	singlet
c576	0.9715247956635682	0.02847520433643781	singlet
c577	0.971524795657735	0.028475204342265376	singlet
c578	0.9715247956633353	0.02847520433666935	singlet
c579	0.971524795663275	0.028475204336730425	singlet
c58	0.9715247955761044	0.028475204423892706	singlet
c580	0.9665326995597772	0.033467300440230247	singlet
c581	0.9665326982591429	0.033467301740851635	singlet
c582	0.9665326995597772	0.033467300440230247	singlet
c583	0.9645029417813583	0.03549705821863205	singlet
c584	0.9645029417636924	0.0354970582362985	singlet
c585	0.9665326994187318	0.03346730058127033	singlet
c586	0.9715247956637155	0.0284752043362905	singlet
c587	0.9665326824605686	0.03346731753942329	singlet
c589	0.966532699559778	0.03346730044023026	singlet
c59	0.9665326825477447	0.03346731745224643	singlet
c590	0.9715247956635747	0.028475204336431106	singlet
c591	0.9715247956635779	0.028475204336428892	singlet
c592	0.966532699559778	0.03346730044023026	singlet
c593	0.9665326995597774	0.033467300440230226	singlet
c594	0.9715247956637922	0.02847520433621288	singlet
c595	0.9665326995597772	0.03346730044023021	singlet
c596	0.9715247956635723	0.028475204336433902	singlet
c597	0.9665326995597772	0.033467300440230247	singlet
c598	0.9646256220233782	0.035374377976618646	singlet
c599	0.966532699559778	0.03346730044023026	singlet
c6	0.9715247956641334	0.028475204335872504	singlet
c60	0.9646256221077721	0.035374377892222926	singlet
c600	0.9421593490173764	0.05784065098263108	singlet
c601	0.9665326995597772	0.033467300440230247	singlet
c602	0.9715247956635682	0.02847520433643781	singlet
c603	0.966532699559778	0.03346730044023026	singlet
c604	0.9665326995597772	0.033467300440230247	singlet
c605	0.9421593490173805	0.057840650982625995	singlet
c606	0.9665326995597774	0.033467300440230274	singlet
c607	0.942159349017379	0.057840650982626765	singlet
c608	0.9715247956635747	0.028475204336431106	singlet
c609	0.9356695424221018	0.06433045757789632	singlet
c61	0.964502942109736	0.03549705789025477	singlet
c610	0.9715247956647044	0.0284752043353021	singlet
c611	0.966532699559778	0.03346730044023026	singlet
c612	0.9665326995597772	0.033467300440230247	singlet
c613	0.966532699550293	0.033467300449715215	singlet
c614	0.9715247956640377	0.028475204335967015	singlet
c615	0.9665326995597772	0.033467300440230247	singlet
c616	0.9715247956635734	0.028475204336432372	singlet
c617	0.9665326995597772	0.033467300440230247	singlet
c618	0.9715247956636707	0.028475204336335533	singlet
c619	0.9715247991029453	0.028475200897047213	singlet
c62	0.9665326995597772	0.033467300440230247	singlet
c620	4.080718594070917e-21	1.0	doublet
c622	0.9665326995597774	0.033467300440230226	singlet
c623	0.9665326995597772	0.033467300440230247	singlet
c624	0.9715247956635762	0.028475204336429083	singlet
c625	0.9665326995597772	0.033467300440230247	singlet
c626	0.9421593490173668	0.05784065098263994	singlet
c627	0.942159349017384	0.05784065098262224	singlet
c628	0.9665326995597772	0.033467300440230247	singlet
c629	0.9715247956635682	0.02847520433643781	singlet
c63	0.9665326995597772	0.033467300440230247	singlet
c630	0.9665326995597772	0.03346730044023021	singlet
c631	0.9665326995597774	0.03346730044023029	singlet
c632	0.9665326995597772	0.033467300440230247	singlet
c633	0.9665326995583762	0.033467300441629294	singlet
c634	0.9665326995597774	0.03346730044023029	singlet
c635	0.9715247956674242	0.028475204332575256	singlet
c636	0.9665326995597772	0.033467300440230247	singlet
c637	0.9715247956635684	0.028475204336437316	singlet
c638	0.9665326995597774	0.03346730044023029	singlet
c639	0.97152479566445	0.028475204335556593	singlet
c64	0.9665326995597772	0.033467300440230247	singlet
c640	0.9715247956637182	0.028475204336286593	singlet
c641	0.9665326995597774	0.033467300440230274	singlet
c642	9.89709041640029e-17	1.0000000000000009	doublet
c643	0.9715247956635682	0.02847520433643781	singlet
c644	0.9665326995597772	0.033467300440230247	singlet
c645	0.9665326995597772	0.033467300440230247	singlet
c646	0.971524795663576	0.02847520433642973	singlet
c647	0.9715247956636647	0.028475204336341247	singlet
c648	0.9665326995597772	0.033467300440230247	singlet
c649	0.9665325175966265	0.03346748240337229	singlet
c65	0.9665326982591415	0.033467301740851635	singlet
c650	0.9715247956635878	0.028475204336418335	singlet
c651	0.9715247956635682	0.02847520433643781	singlet
c652	0.9665326995597774	0.033467300440230226	singlet
c653	0.9715247956635734	0.028475204336432372	singlet
c654	0.9665326995597774	0.03346730044023029	singlet
c655	0.971524795663858	0.028475204336146885	singlet
c656	0.9715247956635682	0.02847520433643781	singlet
c657	0.9715247956636158	0.028475204336389757	singlet
c658	0.9665326995597772	0.033467300440230247	singlet
c659	0.9665326995597774	0.03346730044023029	singlet
c66	0.971524795663572	0.028475204336433864	singlet
c660	0.9715247964336994	0.028475203566306305	singlet
c661	0.9665326995597772	0.033467300440230247	singlet
c662	0.9715247956636017	0.028475204336404426	singlet
c663	0.9665326995597772	0.03346730044023021	singlet
c664	0.9665326995597772	0.033467300440230247	singlet
c665	0.9715247956577224	0.028475204342279663	singlet
c666	0.9665326994566031	0.03346730054340167	singlet
c667	0.9715247956637636	0.02847520433624188	singlet
c668	0.9421593490173663	0.05784065098264022	singlet
c669	0.9421593490173668	0.05784065098264035	singlet
c67	0.9715247956633727	0.02847520433663298	singlet
c670	0.9665326995597772	0.033467300440230247	singlet
c671	0.9715247956635682	0.02847520433643781	singlet
c672	0.9715247956759034	0.02847520432410284	singlet
c673	0.9715247956635684	0.028475204336437316	singlet
c674	0.9665326995597774	0.033467300440230226	singlet
c675	0.9715247956635747	0.028475204336431106	singlet
c676	0.9665326995507995	0.033467300449208676	singlet
c677	0.9665326995597772	0.033467300440230247	singlet
c678	6.983073439860298e-05	0.999930169265601	doublet
c679	0.9715247956635747	0.028475204336431106	singlet
c68	0.9665326995597772	0.033467300440230247	singlet
c680	0.9665326995515081	0.03346730044849926	singlet
c681	0.9665326995597772	0.03346730044023021	singlet
c682	0.9665326995597774	0.033467300440230226	singlet
c683	0.9715247956635747	0.028475204336431106	singlet
c684	0.9665326995597772	0.033467300440230247	singlet
c685	0.9665326995597772	0.033467300440230247	singlet
c686	0.9715247956635747	0.028475204336431106	singlet
c687	0.9665326994566041	0.033467300543401655	singlet
c688	0.9665326995594238	0.03346730044056217	singlet
c689	0.9665326995597772	0.03346730044023021	singlet
c69	0.9715247956521462	0.02847520434785298	singlet
c690	0.9665326995583764	0.03346730044162931	singlet
c691	0.966532699559778	0.03346730044023026	singlet
c692	0.9645029314802943	0.03549706851970967	singlet
c693	0.9665326995597772	0.033467300440230247	singlet
c694	0.9715247956640808	0.028475204335924667	singlet
c695	0.9715247956633534	0.028475204336652214	singlet
c696	0.9715247956636313	0.02847520433637453	singlet
c697	0.966532699559778	0.03346730044023026	singlet
c698	0.9665326995597772	0.033467300440230247	singlet
c699	0.9665326995597772	0.033467300440230247	singlet
c7	0.9665326995597774	0.03346730044023029	singlet
c70	0.966532699559778	0.03346730044023026	singlet
c700	0.9665326995597774	0.03346730044023021	singlet
c701	0.9665324598857574	0.03346754011424309	singlet
c702	0.966532699559778	0.03346730044023026	singlet
c703	0.9665326995597774	0.033467300440230226	singlet
c704	0.966532699456605	0.03346730054340173	singlet
c705	0.9665326995597774	0.03346730044023029	singlet
c706	0.966532699559778	0.03346730044023026	singlet
c707	0.06847362665674425	0.9315263733432543	doublet
c708	0.9715247956635762	0.028475204336429083	singlet
c709	0.9715247956635733	0.028475204336432837	singlet
c71	0.9665326995597774	0.033467300440230274	singlet
c710	0.9645029417650806	0.03549705823491001	singlet
c711	0.9665326981208703	0.03346730187912413	singlet
c712	0.9665326995597772	0.033467300440230247	singlet
c713	0.9715247956675451	0.028475204332460487	singlet
c714	0.9715247956633353	0.02847520433666935	singlet
c715	0.9710672584178262	0.02893274158217418	singlet
c716	0.9665326995597772	0.033467300440230247	singlet
c717	0.966532699559778	0.03346730044023026	singlet
c718	0.9665326995597772	0.033467300440230247	singlet
c719	0.9665326995597772	0.033467300440230247	singlet
c72	0.9665326995597772	0.033467300440230226	singlet
c720	0.9715247959561324	0.028475204043872018	singlet
c721	0.9715247956637719	0.028475204336233583	singlet
c722	0.9715247956642857	0.028475204335720553	singlet
c723	0.9715247956635865	0.02847520433641826	singlet
c724	0.971524795665891	0.02847520433411495	singlet
c725	0.9715247956647851	0.028475204335220133	singlet
c726	0.9421593490181633	0.05784065098184415	singlet
c727	0.9421593490173743	0.05784065098263234	singlet
c728	0.971524795663576	0.02847520433642973	singlet
c729	0.9665326995597772	0.03346730044023021	singlet
c73	0.9665326995597772	0.033467300440230247	singlet
c730	0.9645029417932712	0.035497058206718494	singlet
c731	0.9356695424221018	0.06433045757789632	singlet
c732	0.966532699456605	0.03346730054340173	singlet
c733	0.9665326995597776	0.03346730044023029	singlet
c734	0.9665326995597774	0.03346730044023029	singlet
c735	0.966532699559778	0.03346730044023026	singlet
c736	0.966532699559778	0.03346730044023026	singlet
c737	0.9665326995597772	0.033467300440230247	singlet
c738	0.9715247956635762	0.028475204336429083	singlet
c739	0.9715247956635734	0.028475204336432372	singlet
c74	0.9665326995597772	0.033467300440230247	singlet
c740	0.9665326995597772	0.03346730044023021	singlet
c741	0.9665326995597774	0.033467300440230274	singlet
c742	0.971524795663576	0.02847520433642973	singlet
c743	0.9715247956697589	0.028475204330246456	singlet
c744	0.9715247956687394	0.028475204331262903	singlet
c745	0.9665326995594236	0.033467300440562106	singlet
c746	0.9715247956635872	0.02847520433641846	singlet
c747	0.9665326995597772	0.03346730044023021	singlet
c748	0.9715247956635743	0.028475204336431536	singlet
c749	0.9665326995597772	0.033467300440230247	singlet
c75	0.9715247956629224	0.028475204337080732	singlet
c750	0.9715247956635682	0.02847520433643781	singlet
c751	0.9665326995597772	0.03346730044023021	singlet
c752	0.9715247956635759	0.02847520433643022	singlet
c753	0.9665326994638641	0.03346730053613195	singlet
c754	0.9715247956635682	0.02847520433643781	singlet
c755	0.9665326995597772	0.033467300440230247	singlet
c756	0.9715247956635747	0.028475204336431106	singlet
c757	0.9665326982796868	0.03346730172030545	singlet
c758	0.9421593490173767	0.057840650982629895	singlet
c759	0.964502941782561	0.03549705821743032	singlet
c76	0.9473637626085614	0.05263623739143755	singlet
c760	0.966532699559778	0.03346730044023026	singlet
c761	0.9665326995583764	0.03346730044162931	singlet
c762	0.9665326995597772	0.033467300440230247	singlet
c763	0.9665326995597774	0.03346730044023029	singlet
c764	0.9715247956642205	0.028475204335784137	singlet
c765	0.966532699559778	0.03346730044023026	singlet
c766	7.388179409797836e-18	1.0	doublet
c767	0.9715247956637015	0.028475204336304096	singlet
c769	0.9715247956635692	0.0284752043364371	singlet
c77	0.9715247956635743	0.028475204336431536	singlet
c770	0.971524795663572	0.02847520433643418	singlet
c771	0.9715247956635762	0.028475204336429083	singlet
c772	0.9665326995583773	0.03346730044162928	singlet
c773	0.966532699559778	0.03346730044023026	singlet
c774	0.9715247956637181	0.0284752043362874	singlet
c775	0.9715247956636707	0.028475204336335533	singlet
c776	0.942159349017366	0.05784065098264025	singlet
c777	0.9715247956655745	0.028475204334431594	singlet
c778	0.9715247956635733	0.028475204336432837	singlet
c779	0.9646256220249763	0.035374377975020875	singlet
c78	0.9665326995597772	0.033467300440230247	singlet
c780	0.9715247956638801	0.028475204336125628	singlet
c781	0.9665326995597772	0.033467300440230247	singlet
c782	0.966532699559778	0.03346730044023026	singlet
c783	0.9665326995597774	0.033467300440230226	singlet
c784	0.9715247956644262	0.02847520433557909	singlet
c785	0.9665326995597774	0.03346730044023029	singlet
c786	0.9665326995597772	0.033467300440230226	singlet
c787	0.971524795663576	0.02847520433642973	singlet
c788	0.966532699559424	0.03346730044056217	singlet
c789	6.389733306423368e-18	0.9999999999999996	doublet
c79	0.9665326995597774	0.03346730044023029	singlet
c790	0.966532699559778	0.03346730044023026	singlet
c791	0.9665326995597772	0.03346730044023021	singlet
c792	0.9665326995597774	0.033467300440230274	singlet
c793	0.9665326995597772	0.033467300440230247	singlet
c794	0.966532699559778	0.03346730044023026	singlet
c795	0.971524795663572	0.028475204336433864	singlet
c796	0.9715247956635682	0.02847520433643781	singlet
c797	0.9715247956636748	0.02847520433633027	singlet
c798	0.9421593490173668	0.05784065098264035	singlet
c799	0.964502941782561	0.03549705821743032	singlet
c8	0.9421593490173668	0.05784065098263994	singlet
c80	0.9715247956635743	0.028475204336431536	singlet
c800	0.9715247958012192	0.028475204198780277	singlet
c801	2.093608423043351e-11	0.9999999999790647	doublet
c802	0.9715247956637499	0.02847520433625504	singlet
c803	0.9715247956635733	0.028475204336432837	singlet
c804	0.9665326995597772	0.033467300440230247	singlet
c805	0.9665326995597772	0.033467300440230247	singlet
c806	0.9665326994225154	0.0334673005774834	singlet
c807	0.9665314149928715	0.033468585007123644	singlet
c808	0.9715247956635682	0.02847520433643781	singlet
c809	0.9715247956635734	0.028475204336432372	singlet
c81	0.9715247956620872	0.02847520433790636	singlet
c810	0.9665326995597772	0.033467300440230247	singlet
c811	0.9715247956635682	0.02847520433643781	singlet
c812	0.9645029446584968	0.03549705534149281	singlet
c813	0.9665326995507997	0.0334673004492087	singlet
c814	0.9715247956635914	0.028475204336414362	singlet
c815	0.9665326995597772	0.033467300440230247	singlet
c816	0.9665326995597772	0.033467300440230247	singlet
c817	0.9665326995597772	0.033467300440230247	singlet
c818	0.9665326995583762	0.033467300441629294	singlet
c819	0.9665326995597772	0.033467300440230247	singlet
c82	0.9665326994566041	0.033467300543401655	singlet
c820	0.966532699559778	0.03346730044023026	singlet
c821	0.9645029418451683	0.03549705815482166	singlet
c822	0.9421593490173668	0.05784065098264035	singlet
c823	0.971524795663572	0.028475204336433864	singlet
c824	0.9665326995597772	0.033467300440230247	singlet
c825	0.966532699524289	0.03346730047571109	singlet
c826	0.9715247956636234	0.02847520433638251	singlet
c827	0.9715247956635682	0.02847520433643781	singlet
c828	0.9665326995597772	0.033467300440230247	singlet
c829	0.9665326995597774	0.03346730044023029	singlet
c83	0.9715247956635734	0.028475204336432372	singlet
c830	0.9665326995597774	0.03346730044023029	singlet
c832	0.9665326995597774	0.03346730044023029	singlet
c833	0.9715247956635684	0.028475204336437316	singlet
c834	0.9646256220211216	0.035374377978875646	singlet
c835	0.966532699559778	0.03346730044023026	singlet
c836	0.9645029407709488	0.035497059229048535	singlet
c837	0.9665326995594238	0.03346730044056217	singlet
c838	0.9665326995597772	0.033467300440230247	singlet
c839	0.9665326995597772	0.033467300440230247	singlet
c84	0.9665326995515086	0.03346730044849923	singlet
c840	0.9715247956661072	0.02847520433389899	singlet
c841	0.9665326995597772	0.033467300440230247	singlet
c842	0.9665326995597772	0.033467300440230247	singlet
c843	0.966532699559778	0.03346730044023026	singlet
c844	0.9715248042326461	0.028475195767347094	singlet
c845	0.9715247956635853	0.02847520433642028	singlet
c846	1.8411167450366813e-15	0.9999999999999969	doublet
c847	0.9665326995597772	0.033467300440230247	singlet
c848	0.9421593490173668	0.05784065098264035	singlet
c849	0.9665326995583773	0.03346730044162928	singlet
c85	0.9665326995597772	0.033467300440230247	singlet
c850	0.9715247956635734	0.028475204336432372	singlet
c851	0.9715247956635743	0.028475204336431536	singlet
c852	0.9715247956635747	0.028475204336431106	singlet
c853	0.9645029417882292	0.0354970582117612	singlet
c854	0.9665326995597772	0.033467300440230247	singlet
c855	0.9715247956725809	0.02847520432742583	singlet
c856	0.9715247956636863	0.028475204336319913	singlet
c857	0.9665326995597774	0.033467300440230274	singlet
c858	0.971524795663572	0.028475204336433864	singlet
c859	0.11318414321247261	0.8868158567875275	doublet
c86	0.9665326995597772	0.033467300440230226	singlet
c860	0.9665326995597774	0.033467300440230226	singlet
c861	0.9715247956636108	0.028475204336395672	singlet
c862	6.389720904078736e-18	1.0	doublet
c863	0.9665326995597772	0.033467300440230247	singlet
c864	0.9421593490173668	0.05784065098264035	singlet
c865	0.9715247956636748	0.02847520433633027	singlet
c866	0.9646256220249763	0.035374377975020875	singlet
c867	0.966532699559778	0.03346730044023026	singlet
c868	0.9421593490173668	0.05784065098263994	singlet
c869	0.9665326995597774	0.033467300440230226	singlet
c87	0.9665326995597772	0.033467300440230226	singlet
c870	0.9665326995597772	0.033467300440230247	singlet
c871	0.971524795663572	0.028475204336433864	singlet
c872	0.9665326995597772	0.033467300440230247	singlet
c873	0.9665326995597772	0.033467300440230247	singlet
c874	0.9665326995597772	0.033467300440230247	singlet
c876	0.9665326995597772	0.03346730044023021	singlet
c877	0.9715247956635762	0.028475204336429083	singlet
c878	0.9665326995597774	0.033467300440230274	singlet
c879	0.9715247956645288	0.028475204335477608	singlet
c88	0.942159348999772	0.05784065100022709	singlet
c880	0.9715247956635779	0.028475204336428892	singlet
c881	0.9665326995597772	0.033467300440230247	singlet
c882	0.9665326995597772	0.033467300440230247	singlet
c883	0.9665326995597774	0.033467300440230226	singlet
c884	0.9665326995597772	0.033467300440230247	singlet
c885	1.0204216437694415e-18	1.0000000000000004	doublet
c886	0.9665326995597772	0.033467300440230226	singlet
c887	0.9715247956641417	0.028475204335863803	singlet
c888	0.966532699559778	0.03346730044023026	singlet
c889	2.131836721334779e-11	0.9999999999786819	doublet
c89	0.966532699551526	0.033467300448481556	singlet
c890	0.9665326995597774	0.03346730044023029	singlet
c891	0.9715247956635682	0.02847520433643781	singlet
c892	0.9541374062767879	0.04586259372320507	singlet
c893	0.9665326995597772	0.033467300440230247	singlet
c894	0.9665326995597772	0.033467300440230247	singlet
c895	0.9665326995597774	0.033467300440230274	singlet
c896	0.9715247956743883	0.028475204325616624	singlet
c897	0.9665326995597772	0.033467300440230247	singlet
c898	0.9665326995597772	0.033467300440230247	singlet
c899	0.9665326995597772	0.033467300440230247	singlet
c9	0.966532413817028	0.033467586182979195	singlet
c90	0.9715247956635747	0.028475204336431106	singlet
c900	0.9421593490173716	0.05784065098263495	singlet
c901	0.9421593490173668	0.05784065098264035	singlet
c902	0.9665326995597772	0.033467300440230247	singlet
c903	0.9715247956635747	0.028475204336431106	singlet
c904	0.9715247956635817	0.028475204336424607	singlet
c905	0.9541374062767902	0.045862593723202706	singlet
c906	0.9665326995597772	0.033467300440230247	singlet
c907	0.9665326995597772	0.033467300440230247	singlet
c908	0.9355541162580202	0.06444588374198111	singlet
c909	0.971524795665678	0.028475204334328912	singlet
c91	0.9665326995597772	0.033467300440230247	singlet
c910	0.9665326995597772	0.033467300440230226	singlet
c911	0.9665326995597772	0.033467300440230247	singlet
c912	0.9715247956576862	0.02847520434231516	singlet
c913	0.9715247956635682	0.02847520433643781	singlet
c914	0.971524795663406	0.02847520433659932	singlet
c915	0.9665326995379178	0.03346730046207489	singlet
c916	2.1317521171883382e-11	0.9999999999786824	doublet
c917	0.9665326995597772	0.033467300440230226	singlet
c918	0.971524795663572	0.028475204336433864	singlet
c919	0.9665326995597774	0.033467300440230226	singlet
c92	0.9715247957108497	0.02847520428915594	singlet
c920	0.9715247956702133	0.028475204329793405	singlet
c921	0.9715247956635743	0.028475204336431536	singlet
c922	0.9665326995597772	0.033467300440230247	singlet
c923	0.9715247956635692	0.0284752043364371	singlet
c924	0.9665326995597772	0.033467300440230247	singlet
c925	0.966532699559778	0.03346730044023026	singlet
c926	0.9665326995597774	0.033467300440230226	singlet
c927	0.9715247956635682	0.02847520433643781	singlet
c928	0.9421593490173663	0.057840650982639685	singlet
c929	0.9665326995597772	0.033467300440230247	singlet
c93	0.9665326995597772	0.033467300440230247	singlet
c930	0.9356695424221018	0.06433045757789632	singlet
c931	0.9665326802131511	0.03346731978684189	singlet
c932	0.966532699559778	0.03346730044023026	singlet
c933	0.9715247956637155	0.0284752043362905	singlet
c934	0.9421593490173668	0.05784065098264035	singlet
c935	0.9665326995583764	0.03346730044162931	singlet
c936	0.9665326995597772	0.033467300440230247	singlet
c937	0.9645029417882292	0.0354970582117612	singlet
c938	0.966532699559778	0.03346730044023026	singlet
c939	0.9715247956635682	0.02847520433643781	singlet
c94	0.971524795663572	0.028475204336433864	singlet
c940	0.9665326995597772	0.033467300440230247	singlet
c941	0.9715247956635779	0.028475204336428892	singlet
c942	0.9715247956635762	0.028475204336429083	singlet
c943	0.9715247956636168	0.028475204336388515	singlet
c944	0.966532699559778	0.03346730044023026	singlet
c945	0.9715247956962819	0.028475204303724858	singlet
c946	0.9665326995515081	0.03346730044849926	singlet
c947	0.9665326995597772	0.033467300440230247	singlet
c948	0.9665326995597772	0.033467300440230247	singlet
c949	0.9665326995597772	0.033467300440230247	singlet
c95	0.966532699559778	0.03346730044023026	singlet
c950	0.966532699559778	0.03346730044023026	singlet
c951	0.971524795663572	0.028475204336433864	singlet
c952	0.9421593490175694	0.05784065098243545	singlet
c953	0.9715247956642119	0.028475204335794164	singlet
c954	0.9665326995597772	0.033467300440230247	singlet
c955	0.966532699559778	0.03346730044023026	singlet
c956	0.9715247956635762	0.028475204336429083	singlet
c957	0.966532699559778	0.03346730044023026	singlet
c958	0.9715247956636183	0.028475204336386846	singlet
c96	4.0807185930814256e-21	0.9999999999999996	doublet
c960	0.9665326995597774	0.033467300440230226	singlet
c961	0.9665326995597774	0.033467300440230226	singlet
c962	0.9665326995597772	0.033467300440230247	singlet
c963	0.9665326995597772	0.033467300440230247	singlet
c964	0.9665326995597772	0.033467300440230247	singlet
c965	0.9665326995597772	0.033467300440230247	singlet
c966	0.966532699559778	0.03346730044023026	singlet
c967	0.9665326995597772	0.033467300440230247	singlet
c968	0.971524795664487	0.028475204335519085	singlet
c969	0.9665326995597772	0.033467300440230247	singlet
c97	0.9715247956646207	0.02847520433538479	singlet
c970	0.9665326994566031	0.03346730054340167	singlet
c971	0.9715247956637064	0.0284752043362991	singlet
c972	0.9665326995597772	0.033467300440230247	singlet
c973	0.9665326995597772	0.033467300440230247	singlet
c974	0.971524795663576	0.02847520433642973	singlet
c975	0.9421593490173668	0.05784065098264035	singlet
c976	0.966532699559778	0.03346730044023026	singlet
c977	0.9665326995597772	0.033467300440230247	singlet
c978	1.8411167583185335e-15	0.9999999999999982	doublet
c979	0.9645029417636924	0.0354970582362985	singlet
c98	1.0025373448090938e-18	0.9999999999999991	doublet
c980	0.9715247956635731	0.02847520433643328	singlet
c981	0.9421593490175733	0.05784065098243478	singlet
c982	0.9421593490173668	0.05784065098264035	singlet
c983	0.9665326995597772	0.033467300440230247	singlet
c984	0.9715247956636108	0.028475204336395672	singlet
c985	0.9665326995583764	0.03346730044162931	singlet
c986	0.9715247956635836	0.028475204336422155	singlet
c987	0.9715247956648935	0.028475204335113292	singlet
c988	0.9715247956823263	0.028475204317680466	singlet
c989	0.9665326995597772	0.03346730044023021	singlet
c99	0.9665326995597772	0.033467300440230247	singlet
c990	0.9715247956635986	0.02847520433640645	singlet
c991	0.9665326995597772	0.033467300440230247	singlet
c993	0.9665326995583764	0.03346730044162931	singlet
c994	0.9665325171958872	0.03346748280412726	singlet
c995	0.9665326995597772	0.033467300440230226	singlet
c996	2.1693506531906786e-11	0.999999999978308	doublet
c997	0.9665326995597772	0.033467300440230247	singlet
c998	0.9665324204863304	0.033467579513675016	singlet
c999	0.9421593490173668	0.05784065098263994	singlet
